<?xml version="1.0" encoding="UTF-8"?>
<testsuite xmlns:xsi="http://www.w3.org/2001/XMLSchema-instance" xsi:noNamespaceSchemaLocation="https://maven.apache.org/surefire/maven-surefire-plugin/xsd/surefire-test-report-3.0.xsd" version="3.0" name="com.tomyoannromain.javajenkins.RunCucumberTests" time="0.217" tests="2" errors="0" skipped="0" failures="0">
  <properties>
[...]
</properties>
  <testcase name="The shopping cart value is or is not equals to 8 ?" classname="Is the price of shopping cart equals to 8 ?" time="0.09">
    <system-out><![CDATA[
Scenario Outline: The shopping cart value is or is not equals to 8 ? &amp#27;[90m# features/PriceOfABooksLotOfOneBook.feature:4&amp#27;[0m
  &amp#27;[32mGiven &amp#27;[0m&amp#27;[32mthe shopping cart contains &amp#27;[0m&amp#27;[32m&amp#27;[1m1&amp#27;[0m&amp#27;[32m differents books&amp#27;[0m                &amp#27;[90m# com.tomyoannromain.javajenkins.StepDefinitions.theShoppingCartContainsDifferentsBooks(java.lang.Integer)&amp#27;[0m
  &amp#27;[32mWhen &amp#27;[0m&amp#27;[32mI ask if the price of shopping cart is equals to&amp#27;[0m              &amp#27;[90m# com.tomyoannromain.javajenkins.StepDefinitions.iAskIfThePriceOfShoppingCartIsEqualsTo()&amp#27;[0m
  &amp#27;[32mThen &amp#27;[0m&amp#27;[32mI should be told that the price is &amp#27;[0m&amp#27;[32m&amp#27;[1m8&amp#27;[0m&amp#27;[32m euros&amp#27;[0m                    &amp#27;[90m# com.tomyoannromain.javajenkins.StepDefinitions.iShouldBeToldThatThePriceIsEuros(java.lang.Double)&amp#27;[0m
]]></system-out>
  </testcase>
  <testcase name="The shopping cart value is or is not equals to 8 ?" classname="Is the price of shopping cart equals to 15.20 ?" time="0.008">
    <system-out><![CDATA[
Scenario Outline: The shopping cart value is or is not equals to 8 ? &amp#27;[90m# features/PriceOfABooksLotOfTwoBooks.feature:4&amp#27;[0m
  &amp#27;[32mGiven &amp#27;[0m&amp#27;[32mthe shopping cart contains &amp#27;[0m&amp#27;[32m&amp#27;[1m2&amp#27;[0m&amp#27;[32m differents books&amp#27;[0m                &amp#27;[90m# com.tomyoannromain.javajenkins.StepDefinitions.theShoppingCartContainsDifferentsBooks(java.lang.Integer)&amp#27;[0m
  &amp#27;[32mWhen &amp#27;[0m&amp#27;[32mI ask if the price of shopping cart is equals to&amp#27;[0m              &amp#27;[90m# com.tomyoannromain.javajenkins.StepDefinitions.iAskIfThePriceOfShoppingCartIsEqualsTo()&amp#27;[0m
  &amp#27;[32mThen &amp#27;[0m&amp#27;[32mI should be told that the price is &amp#27;[0m&amp#27;[32m&amp#27;[1m15.20&amp#27;[0m&amp#27;[32m euros&amp#27;[0m                &amp#27;[90m# com.tomyoannromain.javajenkins.StepDefinitions.iShouldBeToldThatThePriceIsEuros(java.lang.Double)&amp#27;[0m
]]></system-out>
  </testcase>
</testsuite>