Branch indexing
[8mha:////4IoN4x7siKhX4lJJTa+ZBv7QsQyFR0OCq//6s4iqRR+cAAAAhB+LCAAAAAAAAP9b85aBtbiIwSa/KF0vKzUvOzOvODlTryCnNB3I0kvPLMkoTYpPKkrMS86IL84vLUpO1XPPLPEoTXLOzyvOz0n1yy9JZYAARiYGRi8GzpLM3NTiksTcgooiBqmM0pTi/Dy9ZIhiPayaGCoKgHRd24xz7ADtEuaXjgAAAA==[0mConnecting to https://api.github.com using admin/****** (GitHub Access Token)
Obtained Jenkinsfile from 924dfaed88b368d5442e0302878de70e82fa95f7
[8mha:////4BQg3YhNJ9u7M4V7g8ldsn6WTA9K36sa3jbyGJgYIGP1AAAAoh+LCAAAAAAAAP9tjTEOwjAQBM8BClpKHuFItIiK1krDC0x8GCfWnbEdkooX8TX+gCESFVvtrLSa5wtWKcKBo5UdUu8otU4GP9jS5Mixv3geZcdn2TIl9igbHBs2eJyx4YwwR1SwULBGaj0nRzbDRnX6rmuvydanHMu2V1A5c4MHCFXMWcf8hSnC9jqYxPTz/BXAFEIGsfuclm8zQVqFvQAAAA==[0m[Pipeline] Start of Pipeline
[8mha:////4NiVzYEKyW4pZYwA8SQBqXYEQcMMM3IjrhjkfxzC0LcEAAAApR+LCAAAAAAAAP9tjTEOwjAUQ3+KOrAycohUghExsUZZOEFIQkgb/d8mKe3EibgadyBQiQlLlmxL1nu+oE4RjhQdby12HpP2vA+jK4lPFLtroIm3dOGaMFGwXNpJkrGnpUrKFhaxClYC1hZ1oOTRZdiIVt1VExS65pxj2Q4CKm8GeAAThZxVzN8yR9jeRpMIf5y/AJj7DGxXvP/86jduZBmjwAAAAA==[0m[Pipeline] node
Running on [8mha:////4HxUDgdXNRB1tXRPEcSzkfQKCwbSLz+rDQ7PFCUszBFsAAAAoR+LCAAAAAAAAP9b85aBtbiIQTGjNKU4P08vOT+vOD8nVc83PyU1x6OyILUoJzMv2y+/JJUBAhiZGBgqihhk0NSjKDWzXb3RdlLBUSYGJk8GtpzUvPSSDB8G5tKinBIGIZ+sxLJE/ZzEvHT94JKizLx0a6BxUmjGOUNodHsLgAz2EgZR/eT83ILSktQifY2k0sycEt3MPE19AHHxbH3KAAAA[0mJenkins in /var/jenkins_home/workspace/java-jenkins_master
[8mha:////4FfyyiBQyeZHpubksXkTuUbYkdlBQuGKfpN6+84+3kVhAAAApR+LCAAAAAAAAP9tjTEOwjAUQ3+KOrAycoh0gA0xsUZZOEFIQkgb/d8mKe3EibgadyBQiQlLlmxL1nu+oE4RjhQdby12HpP2vA+jK4lPFLtroIm3dOGaMFGwXNpJkrGnpUrKFhaxClYC1hZ1oOTRZdiIVt1VExS65pxj2Q4CKm8GeAAThZxVzN8yR9jeRpMIf5y/AJj7DGxXvP/86jfoP95RwAAAAA==[0m[Pipeline] {
[8mha:////4GXP1PVTEwGJke/EGHxPmC1mVlD30AbHR6//5zQw25NPAAAApR+LCAAAAAAAAP9tjTEOwjAUQ3+KOrAycoh0gQkxsUZZOEFIQkgb/d8mKe3EibgadyBQiQlLlmxL1nu+oE4RjhQdby12HpP2vA+jK4lPFLtroIm3dOGaMFGwXNpJkrGnpUrKFhaxClYC1hZ1oOTRZdiIVt1VExS65pxj2Q4CKm8GeAAThZxVzN8yR9jeRpMIf5y/AJj7DGxXvP/86jc09154wAAAAA==[0m[Pipeline] stage
[8mha:////4KvnPQZW7TIViy569YYzxGtwlFfumfXSQaHb9mBuP+vzAAAApR+LCAAAAAAAAP9tjTEOwjAUQ3+KOrAycoh0ggUxsUZZOEFIQkgb/d8mKe3EibgadyBQiQlLlmxL1nu+oE4RjhQdby12HpP2vA+jK4lPFLtroIm3dOGaMFGwXNpJkrGnpUrKFhaxClYC1hZ1oOTRZdiIVt1VExS65pxj2Q4CKm8GeAAThZxVzN8yR9jeRpMIf5y/AJj7DGxXvP/86jek7ggRwAAAAA==[0m[Pipeline] { (Declarative: Checkout SCM)
[8mha:////4PdhZrbOFSAMS+PXy0iBKFKEmSyJjVLeRg/LR0TTNXbFAAAAoh+LCAAAAAAAAP9tjTEOAiEURD9rLGwtPQTbaWGsbAmNJ0AWEZb8zwLrbuWJvJp3kLiJlZNMMm+a93rDOic4UbLcG+wdZu14DKOti0+U+lugiXu6ck2YKRguzSSpM+cFJRUDS1gDKwEbgzpQdmgLbIVXD9UGhba9lFS/o4DGdQM8gYlqLiqVL8wJdvexy4Q/z18BzLEA29ce4gfg7KmOvAAAAA==[0m[Pipeline] checkout
The recommended git tool is: NONE
using credential github
 > git rev-parse --resolve-git-dir /var/jenkins_home/workspace/java-jenkins_master/.git # timeout=10
Fetching changes from the remote Git repository
 > git config remote.origin.url https://github.com/tomwallyn/java-jenkins.git # timeout=10
Cleaning workspace
 > git rev-parse --verify HEAD # timeout=10
Resetting working tree
 > git reset --hard # timeout=10
 > git clean -fdx # timeout=10
Fetching without tags
Fetching upstream changes from https://github.com/tomwallyn/java-jenkins.git
 > git --version # timeout=10
 > git --version # 'git version 2.30.2'
using GIT_ASKPASS to set credentials GitHub Access Token
 > git fetch --no-tags --force --progress -- https://github.com/tomwallyn/java-jenkins.git +refs/heads/master:refs/remotes/origin/master # timeout=10
Checking out Revision 924dfaed88b368d5442e0302878de70e82fa95f7 (master)
 > git config core.sparsecheckout # timeout=10
 > git checkout -f 924dfaed88b368d5442e0302878de70e82fa95f7 # timeout=10
 > git branch -a -v --no-abbrev # timeout=10
 > git branch -D master # timeout=10
 > git checkout -b master 924dfaed88b368d5442e0302878de70e82fa95f7 # timeout=10
Commit message: "Added Jenkinsfile"
 > git rev-list --no-walk 1daf06cff8c7066d15b5a821b9aa93a1211351f2 # timeout=10
Cleaning workspace
 > git rev-parse --verify HEAD # timeout=10
Resetting working tree
 > git reset --hard # timeout=10
 > git clean -fdx # timeout=10
[8mha:////4BEO9fj/grufb+8QffHjUSb/H5kFU4jOiNNoeSW1TY3zAAAAoh+LCAAAAAAAAP9tjTEOAiEURD9rLGwtPQTbGRNjZUtoPAGyiLDkfxZYdytP5NW8g8RNrJxkknnTvNcb1jnBiZLl3mDvMGvHYxhtXXyi1N8CTdzTlWvCTMFwaSZJnTkvKKkYWMIaWAnYGNSBskNbYCu8eqg2KLTtpaT6HQU0rhvgCUxUc1GpfGFOsLuPXSb8ef4KYI6xADvU7j9Dg2gqvAAAAA==[0m[Pipeline] }
[8mha:////4Ow7ozOhxr/TYGH0jq5NJ7sPxSQj5vJJjGmjyvqs0HE6AAAAoh+LCAAAAAAAAP9tjTEOAiEURD9rLGwtPQRbWRhjZUtoPAGyiLDkfxZYdytP5NW8g8RNrJxkknnTvNcb1jnBiZLl3mDvMGvHYxhtXXyi1N8CTdzTlWvCTMFwaSZJnTkvKKkYWMIaWAnYGNSBskNbYCu8eqg2KLTtpaT6HQU0rhvgCUxUc1GpfGFOsLuPXSb8ef4KYI6xADvU7j9J+wGOvAAAAA==[0m[Pipeline] // stage
[8mha:////4B9GB1wq6E3eWfQ8u2ttY7hGvNsNtGVLq8py1fJPFjAgAAAAph+LCAAAAAAAAP9tjTEOwjAQBM9BKWgpeYQDEh2iorXc8AITG+PEugv2haTiRXyNPxCIRMVWOyut5vmCMic4UPKycdgGzHWQXez91ORAqb1EGmRDZ1kTZopOajdosu44oyZ2MEcUsFCwdFhHygE9w0o15m6qaNBXJ07TtldQBHuDBwg1mdkk/sKYYH3tbSb8ef4KYOwYxI6h2G4+x/INtuQqUcEAAAA=[0m[Pipeline] withEnv
[8mha:////4E+H72J0IxN6DK79Ry5drnbqEGooDcIup4Af0DpUDF+hAAAApR+LCAAAAAAAAP9tjTEOwjAUQ3+DOrAycoiUzoiJNerCCUITQtLo/zZJSSdOxNW4Ay2VmPBg2Zas93pDGQOcKBjuNHYWY2t570czJ54pdDdPmTu68pYwkte80bkhpc9rbShpWFUw2AjYamw9RYsmwU44+ZCVl2iqSwrzdhTArBrgCYWYyUmG9C1TgP19VJHwx/kLgKlPwOrDYvXyLD8BobDcwgAAAA==[0m[Pipeline] {
[8mha:////4D2uvgnFWDKYrU9ewOUQa1Iz2acyLf890MLWCKT7UZO1AAAAph+LCAAAAAAAAP9tjTEOwjAUQ3+LOrAycohUZUVMrFEWThCaEJJG/7dJSjpxIq7GHWipxIQHy7ZkvdcbqhjgRMEwp7GzGFvLej+aObFMobt5yszRlbWEkbxmQmdBSp/XKihpWFWUsOGw1dh6ihZNgh138iFrL9HUlxTm7cihtGqAJxR8JicZ0rdMAfb3UUXCH+cvAKY+Qdk0ix2WZ/UBbwyqm8IAAAA=[0m[Pipeline] stage
[8mha:////4CpXcGyluFKBRpfGf1XxLWZQ4i5AcB7QJnM5JDJ1MNSiAAAAph+LCAAAAAAAAP9tjTEOwjAUQ3+LOrAycohUwIiYukZZOEFoQkgb/V9+UtqJE3E17kBLJSY8WLYl673eUESGE7ETjcXWY6y96ELvpiQG4vYaaBANXURNGClYoeygyNhqqYqShUVZDisJa4t1oOjRJdjIRj90GTS68px42o4Scm/u8IRMTuSkOX3LyLC99SYS/jh/ATB2CfLdfrbD/Cw+y7kUycIAAAA=[0m[Pipeline] { (check)
[8mha:////4LQh6NqKVgY1rwLyB1FFttprHMzu2Z4Y68oPygarIpxfAAAApx+LCAAAAAAAAP9tjTEOwjAUQ3+LOrAycohUCDbE1DXKwglCE0La6P/yk9JOnIircQdaKjHhwbItWe/1hiIynIidaCy2HmPtRRd6NyUxELfXQINo6CJqwkjBCmUHRcZWS1WULCzKclhJWFusA0WPLsFGNvqhy6DRlefE03aUkHtzhydkciInzelbRobtrTeR8Mf5C4CxS5Dv9rMd5mfxAbNWnxXCAAAA[0m[Pipeline] parallel
[8mha:////4M5q75//TsElrQDPIaFgHrjn/1JCrxr6EafAu+Z56f/DAAAAqB+LCAAAAAAAAP9tjTEOwjAUQ3+LOrAycohUSEgMiKlrlIUThCaEtNH/5SelnTgRV+MOtFRiwoNlW7Le6w1FZDgRO9FYbD3G2osu9G5KYiBur4EG0dBF1ISRghXKDoqMrZaqKFlYlOWwkrC2WAeKHl2CjWz0Q5dBoyvPiaftKCH35g5PyORETprTt4wM21tvIuGP8xcAY5cg3+1nO8zP4gOeMTC6wgAAAA==[0m[Pipeline] { (Branch: pmd)
[8mha:////4EIqSqqy2QX81jQb1Yx6itpieGWy1Px5eoJ5md5FdcFBAAAAqB+LCAAAAAAAAP9tjTEOwjAUQ3+LOrAycohUSAxIiKlrlIUThCaEtNH/5SelnTgRV+MOtFRiwoNlW7Le6w1FZDgRO9FYbD3G2osu9G5KYiBur4EG0dBF1ISRghXKDoqMrZaqKFlYlOWwkrC2WAeKHl2CjWz0Q5dBoyvPiaftKCH35g5PyORETprTt4wM21tvIuGP8xcAY5cg3+1nO8zP4gNLg2ZLwgAAAA==[0m[Pipeline] { (Branch: checkstyle)
[8mha:////4Ook/5hu/7leFCECnNG/KqitC+nT+aQDw5H8KPBHA0RSAAAAqB+LCAAAAAAAAP9tjTEOwjAUQ3+LOrAycohUSCwIMXWNsnCC0ISQNvq//KS0EyfiatyBlkpMeLBsS9Z7vaGIDCdiJxqLrcdYe9GF3k1JDMTtNdAgGrqImjBSsELZQZGx1VIVJQuLshxWEtYW60DRo0uwkY1+6DJodOU58bQdJeTe3OEJmZzISXP6lpFhe+tNJPxx/gJg7BLku/1sh/lZfADuUDqAwgAAAA==[0m[Pipeline] { (Branch: nexus)
[8mha:////4GK0SfHOo8FK79dwfrTfXUVJc06iQ7xNavfkiEgH+YNvAAAAqB+LCAAAAAAAAP9tjTEOwjAUQ3+LOrAycogUWBhQJ9aoCycITQhJo/9LkpJOnIircQcClZjwYNmWrPd8QRU8NOQ1swp7g6EzbHCjzokl8v3FUWKWzqwjDOQUa1VqSarjXFuKCmYVJSw4LBV2joJBHWHFrbiL2gnU9Sn6vB04lEbe4AEFz+QofPyWycP6OspA+OP8BcA0RCi3+2y7zedZvQG6fT8PwgAAAA==[0m[Pipeline] stage
[8mha:////4AFylbcXavCso+5q4+TL3OC9WpuD/CDoyZ/7NHD0q4HvAAAAph+LCAAAAAAAAP9tjTEOwjAUQ3+LOrAycogUWBFT1ygLJwhNCGmj/8tPSjtxIq7GHWipxIQHy7ZkvdcbishwInaisdh6jLUXXejdlMRA3F4DDaKhi6gJIwUrlB0UGVstVVGysCjLYSVhbbEOFD26BBvZ6Icug0ZXnhNP21FC7s0dnpDJiZw0p28ZGba33kTCH+cvAMYuQX7Yzbafn8UHbGnGmsIAAAA=[0m[Pipeline] { (pmd)
[8mha:////4OmBPjuriRu88Y/GuBklKflBysO7rb3z2ZzZZDHzPF/QAAAAqB+LCAAAAAAAAP9tjTEOwjAUQ3+LOrAycohUdEJCTF2jLJwgJCGkjf4vSUo7cSKuxh0IVGLCg2Vbst7zBVUMcKRgWWewdxiVY4MfbU5sotBfPE2sozNThJG8YcJMgrRplyooGVhUlLDisDaoPEWHNsGGd/Iuay/R1qcU8nbgUDp9gwcUPJOTDOlb5gDb66gj4Y/zFwDzkKDc7bM1zedZvQF3KA/RwgAAAA==[0m[Pipeline] stage
[8mha:////4AnkeFMia9o8W2KKRKQG8MyagBRYFSTWm2V4MbyzeHwkAAAAph+LCAAAAAAAAP9tjTEOwjAUQ3+LOrAycohUKiNiYo2ycILQhJA0+r9NUtKJE3E17kBLJSY8WLYl673eUMUAJwqGOY2dxdha1vvRzIllCt3NU2aOrqwljOQ1EzoLUvq8VkFJw6qihA2HrcbWU7RoEuy4kw9Ze4mmvqQwb0cOpVUDPKHgMznJkL5lCrC/jyoS/jh/ATD1CcqmWeywPKsPpnFij8IAAAA=[0m[Pipeline] { (checkstyle)
[8mha:////4MNFRy5ZKlOpSxGzcLbvIWUWUDlBnkBB8i4PYrc2t56GAAAAqB+LCAAAAAAAAP9tjTEOwjAUQ3+LOrAycohUIBaEOrFGXThBaEJIGv1fkpR04kRcjTsQqMSEB8u2ZL3nC6rgoSGvmVXYGwydYYMbdU4ske8vjhKzdGYdYSCnWKtSS1Id59pSVDCrKGHBYamwcxQM6ggrbsVd1E6grk/R5+3AoTTyBg8oeCZH4eO3TB7W11EGwh/nLwCmIUK52Wfb7j7P6g2qFNjGwgAAAA==[0m[Pipeline] stage
[8mha:////4Kr+qrzgzqn0q5ipFAYOsY3qwnX9khmlP8CFER1Tk0s/AAAApx+LCAAAAAAAAP9tjTEOwjAUQ3+LOrAycohUQjAhpq5RFk4QmhDSRv+Xn5R24kRcjTvQUokJD5ZtyXqvNxSR4UTsRGOx9RhrL7rQuymJgbi9BhpEQxdRE0YKVig7KDK2WqqiZGFRlsNKwtpiHSh6dAk2stEPXQaNrjwnnrajhNybOzwhkxM5aU7fMjJsb72JhD/OXwCMXYJ8t5/tMD+LD/hYjrHCAAAA[0m[Pipeline] { (nexus)
[8mha:////4IWQW+SsbMHUMysIkUUIC3ffzsXOurka1UDb7wv3Stj1AAAApB+LCAAAAAAAAP9tjTEOwjAQBC9BFLSUPOIiKGgQVVrLDS8wsTFOrDtjOyQVL+Jr/IFAJCq2WO1sM88XLFOEI0eLraHOUWocBt/baeHAsbt4HrDlMzZMib1BaQbJ2tQzSs4G5hQlLASsDDWekyObYS1adVeVV2SrU47TdxBQOn2DBxRiMmcV8xfGCJtrrxPTz/NXAGPIUO62n9qHNxt+zt2+AAAA[0m[Pipeline] sh
[8mha:////4I0sz528rriCqdA7sNFDhmr4BleQqiJGe25AFqax3SylAAAApR+LCAAAAAAAAP9tjTEOwjAQBC9BFLSUPOIiQUGBqNJabniBiY1xYt0Z2yGpeBFf4w8EIlGxxWpnm3m+YJkiHDlabA11jlLjMPjeTgsHjt3F84Atn7FhSuwNSjNI1qaeUXI2MKcoYSFgZajxnBzZDGvRqruqvCJbnXKcvoOA0ukbPKAQkzmrmL8wRthce52Yfp6/AhhDhnK7+9Q+vAFzXkpTvgAAAA==[0m[Pipeline] sh
[8mha:////4F8jKRMwEtySnQ8yhExFu9wi0xk+1sD7hxr4PtG5ur0kAAAApR+LCAAAAAAAAP9tjTEOwjAQBC9BFLSUPOIiISEhIaq0lhteYGJjnFh3xnZIKl7E1/gDgUhUbLHa2WaeL1imCEeOFltDnaPUOAy+t9PCgWN38Txgy2dsmBJ7g9IMkrWpZ5ScDcwpSlgIWBlqPCdHNsNatOquKq/IVqccp+8goHT6Bg8oxGTOKuYvjBE2114npp/nrwDGkKHc7j61D2+GdwK3vgAAAA==[0m[Pipeline] sh
+ ./mvnw pmd:check
+ ./mvnw checkstyle:check
+ ./mvnw clean deploy
[INFO] Scanning for projects...
[INFO] Scanning for projects...
[INFO] Scanning for projects...
[INFO] 
[INFO] ----------------------< org.example:java-jenkins >----------------------
[INFO] Building java-jenkins 1.0-SNAPSHOT
[INFO] --------------------------------[ jar ]---------------------------------
[INFO] 
[INFO] >>> maven-pmd-plugin:3.15.0:check (default-cli) > :pmd @ java-jenkins >>>
[INFO] 
[INFO] ----------------------< org.example:java-jenkins >----------------------
[INFO] Building java-jenkins 1.0-SNAPSHOT
[INFO] --------------------------------[ jar ]---------------------------------
[INFO] 
[INFO] --- maven-pmd-plugin:3.15.0:pmd (pmd) @ java-jenkins ---
[INFO] 
[INFO] --- maven-clean-plugin:2.5:clean (default-clean) @ java-jenkins ---
[INFO] 
[INFO] ----------------------< org.example:java-jenkins >----------------------
[INFO] Building java-jenkins 1.0-SNAPSHOT
[INFO] --------------------------------[ jar ]---------------------------------
[INFO] 
[INFO] --- maven-checkstyle-plugin:3.1.2:check (default-cli) @ java-jenkins ---
[INFO] Deleting /var/jenkins_home/workspace/java-jenkins_master/target
[INFO] 
[INFO] --- maven-resources-plugin:2.6:resources (default-resources) @ java-jenkins ---
[WARNING] Using platform encoding (UTF-8 actually) to copy filtered resources, i.e. build is platform dependent!
[INFO] skip non existing resourceDirectory /var/jenkins_home/workspace/java-jenkins_master/src/main/resources
[INFO] 
[INFO] --- maven-compiler-plugin:3.1:compile (default-compile) @ java-jenkins ---
[INFO] Changes detected - recompiling the module!
[WARNING] File encoding has not been set, using platform encoding UTF-8, i.e. build is platform dependent!
[INFO] Compiling 1 source file to /var/jenkins_home/workspace/java-jenkins_master/target/classes
[WARNING] Old version of checkstyle detected. Consider updating to >= v8.30
[WARNING] For more information see: https://maven.apache.org/plugins/maven-checkstyle-plugin/examples/upgrading-checkstyle.html
[WARNING] File encoding has not been set, using platform encoding UTF-8, i.e. build is platform dependent!
[WARNING] Unable to locate Source XRef to link to - DISABLED
[WARNING] File encoding has not been set, using platform encoding UTF-8, i.e. build is platform dependent!
[INFO] PMD version: 6.38.0
[INFO] There are 34 errors reported by Checkstyle 8.29 with sun_checks.xml ruleset.
[ERROR] src/main/java/com/tomyoannromain/javajenkins/Main.java:[1] (javadoc) JavadocPackage: Missing package-info.java file.
[ERROR] src/main/java/com/tomyoannromain/javajenkins/Main.java:[3,8] (imports) UnusedImports: Unused import - java.lang.reflect.Array.
[ERROR] src/main/java/com/tomyoannromain/javajenkins/Main.java:[5,8] (imports) UnusedImports: Unused import - java.util.List.
[ERROR] src/main/java/com/tomyoannromain/javajenkins/Main.java:[7,1] (design) HideUtilityClassConstructor: Utility classes should not have a public or default constructor.
[ERROR] src/main/java/com/tomyoannromain/javajenkins/Main.java:[8,5] (javadoc) MissingJavadocMethod: Missing a Javadoc comment.
[ERROR] src/main/java/com/tomyoannromain/javajenkins/Main.java:[8,29] (misc) FinalParameters: Parameter args should be final.
[ERROR] src/main/java/com/tomyoannromain/javajenkins/Main.java:[11,24] (coding) MagicNumber: '5' is a magic number.
[ERROR] src/main/java/com/tomyoannromain/javajenkins/Main.java:[11,25] (whitespace) WhitespaceAfter: ',' is not followed by whitespace.
[ERROR] src/main/java/com/tomyoannromain/javajenkins/Main.java:[11,26] (coding) MagicNumber: '3' is a magic number.
[ERROR] src/main/java/com/tomyoannromain/javajenkins/Main.java:[11,27] (whitespace) WhitespaceAfter: ',' is not followed by whitespace.
[ERROR] src/main/java/com/tomyoannromain/javajenkins/Main.java:[15,5] (javadoc) MissingJavadocMethod: Missing a Javadoc comment.
[ERROR] src/main/java/com/tomyoannromain/javajenkins/Main.java:[15,58] (whitespace) WhitespaceAround: '{' is not preceded with whitespace.
[ERROR] src/main/java/com/tomyoannromain/javajenkins/Main.java:[19] (sizes) LineLength: Line is longer than 80 characters (found 87).
[ERROR] src/main/java/com/tomyoannromain/javajenkins/Main.java:[19,5] (javadoc) MissingJavadocMethod: Missing a Javadoc comment.
[ERROR] src/main/java/com/tomyoannromain/javajenkins/Main.java:[19,55] (misc) FinalParameters: Parameter shoppingCart should be final.
[ERROR] src/main/java/com/tomyoannromain/javajenkins/Main.java:[19,87] (whitespace) WhitespaceAround: '{' is not preceded with whitespace.
[ERROR] src/main/java/com/tomyoannromain/javajenkins/Main.java:[20,9] (whitespace) WhitespaceAround: 'for' is not followed by whitespace.
[ERROR] src/main/java/com/tomyoannromain/javajenkins/Main.java:[20,18] (whitespace) WhitespaceAround: '=' is not followed by whitespace.
[ERROR] src/main/java/com/tomyoannromain/javajenkins/Main.java:[20,18] (whitespace) WhitespaceAround: '=' is not preceded with whitespace.
[ERROR] src/main/java/com/tomyoannromain/javajenkins/Main.java:[20,20] (whitespace) WhitespaceAfter: ';' is not followed by whitespace.
[ERROR] src/main/java/com/tomyoannromain/javajenkins/Main.java:[20,22] (whitespace) WhitespaceAround: '<' is not followed by whitespace.
[ERROR] src/main/java/com/tomyoannromain/javajenkins/Main.java:[20,22] (whitespace) WhitespaceAround: '<' is not preceded with whitespace.
[ERROR] src/main/java/com/tomyoannromain/javajenkins/Main.java:[20,23] (coding) MagicNumber: '5' is a magic number.
[ERROR] src/main/java/com/tomyoannromain/javajenkins/Main.java:[20,24] (whitespace) WhitespaceAfter: ';' is not followed by whitespace.
[ERROR] src/main/java/com/tomyoannromain/javajenkins/Main.java:[20,29] (whitespace) WhitespaceAround: '{' is not preceded with whitespace.
[ERROR] src/main/java/com/tomyoannromain/javajenkins/Main.java:[21,31] (whitespace) WhitespaceAfter: ',' is not followed by whitespace.
[ERROR] src/main/java/com/tomyoannromain/javajenkins/Main.java:[26] (sizes) LineLength: Line is longer than 80 characters (found 113).
[ERROR] src/main/java/com/tomyoannromain/javajenkins/Main.java:[26,5] (javadoc) MissingJavadocMethod: Missing a Javadoc comment.
[ERROR] src/main/java/com/tomyoannromain/javajenkins/Main.java:[26,39] (misc) FinalParameters: Parameter numberOfBooks should be final.
[ERROR] src/main/java/com/tomyoannromain/javajenkins/Main.java:[26,58] (misc) FinalParameters: Parameter harryPotterVolume should be final.
[ERROR] src/main/java/com/tomyoannromain/javajenkins/Main.java:[26,81] (misc) FinalParameters: Parameter shoppingCart should be final.
[ERROR] src/main/java/com/tomyoannromain/javajenkins/Main.java:[26,113] (whitespace) WhitespaceAround: '{' is not preceded with whitespace.
[ERROR] src/main/java/com/tomyoannromain/javajenkins/Main.java:[27,43] (whitespace) WhitespaceAround: '-' is not followed by whitespace.
[ERROR] src/main/java/com/tomyoannromain/javajenkins/Main.java:[27,43] (whitespace) WhitespaceAround: '-' is not preceded with whitespace.
[INFO] ------------------------------------------------------------------------
[INFO] BUILD FAILURE
[INFO] ------------------------------------------------------------------------
[INFO] Total time:  2.798 s
[INFO] Finished at: 2022-01-23T11:01:17Z
[INFO] ------------------------------------------------------------------------
[ERROR] Failed to execute goal org.apache.maven.plugins:maven-checkstyle-plugin:3.1.2:check (default-cli) on project java-jenkins: You have 34 Checkstyle violations. -> [Help 1]
[ERROR] 
[ERROR] To see the full stack trace of the errors, re-run Maven with the -e switch.
[ERROR] Re-run Maven using the -X switch to enable full debug logging.
[ERROR] 
[ERROR] For more information about the errors and possible solutions, please read the following articles:
[ERROR] [Help 1] http://cwiki.apache.org/confluence/display/MAVEN/MojoFailureException
[INFO] 
[INFO] --- maven-resources-plugin:2.6:testResources (default-testResources) @ java-jenkins ---
[WARNING] Using platform encoding (UTF-8 actually) to copy filtered resources, i.e. build is platform dependent!
[INFO] skip non existing resourceDirectory /var/jenkins_home/workspace/java-jenkins_master/src/test/resources
[INFO] 
[INFO] --- maven-compiler-plugin:3.1:testCompile (default-testCompile) @ java-jenkins ---
[INFO] Changes detected - recompiling the module!
[WARNING] File encoding has not been set, using platform encoding UTF-8, i.e. build is platform dependent!
[INFO] Compiling 1 source file to /var/jenkins_home/workspace/java-jenkins_master/target/test-classes
[8mha:////4DwWGtUCQGxByT/B+xSdIbUrK0SFAKxunUOwpd9F/NVSAAAApB+LCAAAAAAAAP9tjTEOwjAQBC9BFLSUPOIiQYUQVVrLDS8wsTFOrDtjOyQVL+Jr/IFAJCq2WO1sM88XLFOEI0eLraHOUWocBt/baeHAsbt4HrDlMzZMib1BaQbJ2tQzSs4G5hQlLASsDDWekyObYS1adVeVV2SrU47TdxBQOn2DBxRiMmcV8xfGCJtrrxPTz/NXAGMIGcrt/lO7N5XuKbK+AAAA[0m[Pipeline] }
[8mha:////4OJEZiVF9sNSxhWwWXpyUSVIfG2SK6kT18KMMBR3nju7AAAApB+LCAAAAAAAAP9tjTEOwjAQBC9BFLSUPMJBoURUaa00vMDEh3Fi3RnbIal4EV/jD1hEomKL1c4283rDOgY4cTCiRxosxc4K70aTl5g4DFfHk+j5IjqmyA5Fi1PLGpsFW04IS4oSVhI2SJ3jaMkk2MpePVTlFJnqnEL+jhJKq+/whEJmc1IhfWEOsLuNOjL9PH8FMHufoDzsc9X1B3+EVkS+AAAA[0m[Pipeline] // stage
[8mha:////4JrRjYZGclszLdYoTy9C1hQbXeCkHIcUwNKzoC3TP5gdAAAApR+LCAAAAAAAAP9tjTEOwjAQBC9BFLSUPOKiiAYJUaW10vACExvjxLoztkNS8SK+xh+wiETFFqudbeb1hnUMcOJgsNc0WIqdRe9GkxdOHIar4wl7vmDHFNlpbPXUstLNgi0nDUuKElYCNpo6x9GSSbAVvXzIykky1TmF/B0FlFbd4QmFyOYkQ/rCHGB3G1Vk+nn+CmD2PkG5r3PVhw8H7fJEvgAAAA==[0m[Pipeline] }
Failed in branch checkstyle
[INFO] 
[INFO] --- maven-surefire-plugin:2.12.4:test (default-test) @ java-jenkins ---
[INFO] Surefire report directory: /var/jenkins_home/workspace/java-jenkins_master/target/surefire-reports

-------------------------------------------------------
 T E S T S
-------------------------------------------------------
[INFO] 
[INFO] <<< maven-pmd-plugin:3.15.0:check (default-cli) < :pmd @ java-jenkins <<<
[INFO] 
[INFO] 
[INFO] --- maven-pmd-plugin:3.15.0:check (default-cli) @ java-jenkins ---
[INFO] PMD version: 6.38.0
[INFO] ------------------------------------------------------------------------
[INFO] BUILD FAILURE
[INFO] ------------------------------------------------------------------------
[INFO] Total time:  3.753 s
[INFO] Finished at: 2022-01-23T11:01:18Z
[INFO] ------------------------------------------------------------------------
[ERROR] Failed to execute goal org.apache.maven.plugins:maven-pmd-plugin:3.15.0:check (default-cli) on project java-jenkins: You have 2 PMD violations. For more details see: /var/jenkins_home/workspace/java-jenkins_master/target/pmd.xml -> [Help 1]
[ERROR] 
[ERROR] To see the full stack trace of the errors, re-run Maven with the -e switch.
[ERROR] Re-run Maven using the -X switch to enable full debug logging.
[ERROR] 
[ERROR] For more information about the errors and possible solutions, please read the following articles:
[ERROR] [Help 1] http://cwiki.apache.org/confluence/display/MAVEN/MojoFailureException
Running com.tomyoannromain.javajenkins.TestMain
Tests run: 3, Failures: 0, Errors: 0, Skipped: 0, Time elapsed: 0.001 sec

Results :

Tests run: 3, Failures: 0, Errors: 0, Skipped: 0

[INFO] 
[INFO] --- maven-jar-plugin:2.4:jar (default-jar) @ java-jenkins ---
[8mha:////4Gaz5H22DuVUtYd+PjjgxyEL4ip8WUcrg1bJsP6RP0RuAAAApB+LCAAAAAAAAP9tjTEOwjAQBC9BFLSUPMIRoURUaa00vMDEh3Fi3RnbIal4EV/jD1hEomKL1c4283rDOgY4cTCiRxosxc4K70aTl5g4DFfHk+j5IjqmyA5Fi1PLGpsFW04IS4oSVhI2SJ3jaMkk2MpePVTlFJnqnEL+jhJKq+/whEJmc1IhfWEOsLuNOjL9PH8FMHufoDzUuer9B850l5C+AAAA[0m[Pipeline] }
[INFO] Building jar: /var/jenkins_home/workspace/java-jenkins_master/target/java-jenkins-1.0-SNAPSHOT.jar
[INFO] 
[INFO] --- maven-install-plugin:2.4:install (default-install) @ java-jenkins ---
[8mha:////4GDQ5e41M/8bWsg4f2S/yKeHnutUIwVj/ble1Mr4Inl9AAAApB+LCAAAAAAAAP9tjTEOwjAQBC9BFLSUPOKCSImo0lppeIGJjXFi3RnbIal4EV/jD1hEomKL1c4283rDOgY4cTDYaxosxc6id6PJCycOw9XxhD1fsGOK7DS2empZ6WbBlpOGJUUJKwEbTZ3jaMkk2IpePmTlJJnqnEL+jgJKq+7whEJkc5IhfWEOsLuNKjL9PH8FMHufoKzrXIf9B/2XzCy+AAAA[0m[Pipeline] // stage
[8mha:////4Hh2bEvyR+WlsY9Hjka0L/P3iEjSUu+3pGUZ7MgNy90CAAAAph+LCAAAAAAAAP9tjTEOwjAQBC9BFLSUPOIiBBIFSkVrueEFJjHGiXUXbAen4kV8jT9gEYmKLVY728zrDcvgoWZvsNPUWwqNxcGNJi9M7Pur44QdX7BhCuw0Sp0kt/o0o+SoYU5RwkLASlPjOFgyEdaiUw9VOUWmOkefv6OA0rZ3eEIhsjkqH78wedjcxjYw/Tx/BTANQ4Ryt8+1PXwAJWGAhL4AAAA=[0m[Pipeline] }
Failed in branch pmd
Downloading from central: https://repo.maven.apache.org/maven2/org/codehaus/plexus/plexus-utils/3.0.5/plexus-utils-3.0.5.pom
Progress (1): 2.5 kB                    Downloaded from central: https://repo.maven.apache.org/maven2/org/codehaus/plexus/plexus-utils/3.0.5/plexus-utils-3.0.5.pom (2.5 kB at 8.2 kB/s)
Downloading from central: https://repo.maven.apache.org/maven2/org/codehaus/plexus/plexus/3.1/plexus-3.1.pom
Progress (1): 2.7/19 kBProgress (1): 5.5/19 kBProgress (1): 8.2/19 kBProgress (1): 11/19 kB Progress (1): 14/19 kBProgress (1): 16/19 kBProgress (1): 19 kB                      Downloaded from central: https://repo.maven.apache.org/maven2/org/codehaus/plexus/plexus/3.1/plexus-3.1.pom (19 kB at 564 kB/s)
Downloading from central: https://repo.maven.apache.org/maven2/org/codehaus/plexus/plexus-digest/1.0/plexus-digest-1.0.pom
Progress (1): 1.1 kB                    Downloaded from central: https://repo.maven.apache.org/maven2/org/codehaus/plexus/plexus-digest/1.0/plexus-digest-1.0.pom (1.1 kB at 50 kB/s)
Downloading from central: https://repo.maven.apache.org/maven2/org/codehaus/plexus/plexus-components/1.1.7/plexus-components-1.1.7.pom
Progress (1): 2.7/5.0 kBProgress (1): 5.0 kB                        Downloaded from central: https://repo.maven.apache.org/maven2/org/codehaus/plexus/plexus-components/1.1.7/plexus-components-1.1.7.pom (5.0 kB at 216 kB/s)
Downloading from central: https://repo.maven.apache.org/maven2/org/codehaus/plexus/plexus-container-default/1.0-alpha-8/plexus-container-default-1.0-alpha-8.pom
Progress (1): 2.7/7.3 kBProgress (1): 5.5/7.3 kBProgress (1): 7.3 kB                        Downloaded from central: https://repo.maven.apache.org/maven2/org/codehaus/plexus/plexus-container-default/1.0-alpha-8/plexus-container-default-1.0-alpha-8.pom (7.3 kB at 291 kB/s)
Downloading from central: https://repo.maven.apache.org/maven2/org/codehaus/plexus/plexus-utils/3.0.5/plexus-utils-3.0.5.jar
Downloading from central: https://repo.maven.apache.org/maven2/org/codehaus/plexus/plexus-digest/1.0/plexus-digest-1.0.jar
Progress (1): 2.7/12 kBProgress (1): 5.5/12 kBProgress (1): 8.2/12 kBProgress (1): 11/12 kB Progress (1): 12 kB                      Downloaded from central: https://repo.maven.apache.org/maven2/org/codehaus/plexus/plexus-digest/1.0/plexus-digest-1.0.jar (12 kB at 395 kB/s)
Progress (1): 2.7/230 kBProgress (1): 5.5/230 kBProgress (1): 8.2/230 kBProgress (1): 11/230 kB Progress (1): 14/230 kBProgress (1): 16/230 kBProgress (1): 19/230 kBProgress (1): 22/230 kBProgress (1): 25/230 kBProgress (1): 27/230 kBProgress (1): 30/230 kBProgress (1): 33/230 kBProgress (1): 36/230 kBProgress (1): 38/230 kBProgress (1): 41/230 kBProgress (1): 44/230 kBProgress (1): 47/230 kBProgress (1): 49/230 kBProgress (1): 52/230 kBProgress (1): 55/230 kBProgress (1): 58/230 kBProgress (1): 60/230 kBProgress (1): 63/230 kBProgress (1): 66/230 kBProgress (1): 70/230 kBProgress (1): 74/230 kBProgress (1): 78/230 kBProgress (1): 82/230 kBProgress (1): 86/230 kBProgress (1): 90/230 kBProgress (1): 94/230 kBProgress (1): 99/230 kBProgress (1): 103/230 kBProgress (1): 107/230 kBProgress (1): 111/230 kBProgress (1): 115/230 kBProgress (1): 119/230 kBProgress (1): 123/230 kBProgress (1): 127/230 kBProgress (1): 131/230 kBProgress (1): 135/230 kBProgress (1): 140/230 kBProgress (1): 144/230 kBProgress (1): 148/230 kBProgress (1): 152/230 kBProgress (1): 156/230 kBProgress (1): 160/230 kBProgress (1): 164/230 kBProgress (1): 168/230 kBProgress (1): 172/230 kBProgress (1): 176/230 kBProgress (1): 180/230 kBProgress (1): 185/230 kBProgress (1): 189/230 kBProgress (1): 193/230 kBProgress (1): 197/230 kBProgress (1): 201/230 kBProgress (1): 205/230 kBProgress (1): 209/230 kBProgress (1): 213/230 kBProgress (1): 217/230 kBProgress (1): 221/230 kBProgress (1): 226/230 kBProgress (1): 230/230 kBProgress (1): 230 kB                        Downloaded from central: https://repo.maven.apache.org/maven2/org/codehaus/plexus/plexus-utils/3.0.5/plexus-utils-3.0.5.jar (230 kB at 2.7 MB/s)
[INFO] Installing /var/jenkins_home/workspace/java-jenkins_master/target/java-jenkins-1.0-SNAPSHOT.jar to /var/jenkins_home/.m2/repository/org/example/java-jenkins/1.0-SNAPSHOT/java-jenkins-1.0-SNAPSHOT.jar
[INFO] Installing /var/jenkins_home/workspace/java-jenkins_master/pom.xml to /var/jenkins_home/.m2/repository/org/example/java-jenkins/1.0-SNAPSHOT/java-jenkins-1.0-SNAPSHOT.pom
[INFO] 
[INFO] --- maven-deploy-plugin:2.7:deploy (default-deploy) @ java-jenkins ---
Downloading from central: https://repo.maven.apache.org/maven2/org/codehaus/plexus/plexus-utils/1.5.6/plexus-utils-1.5.6.pom
Progress (1): 4.1/5.3 kBProgress (1): 5.3 kB                        Downloaded from central: https://repo.maven.apache.org/maven2/org/codehaus/plexus/plexus-utils/1.5.6/plexus-utils-1.5.6.pom (5.3 kB at 241 kB/s)
Downloading from central: https://repo.maven.apache.org/maven2/org/codehaus/plexus/plexus/1.0.12/plexus-1.0.12.pom
Progress (1): 4.1/9.8 kBProgress (1): 8.2/9.8 kBProgress (1): 9.8 kB                        Downloaded from central: https://repo.maven.apache.org/maven2/org/codehaus/plexus/plexus/1.0.12/plexus-1.0.12.pom (9.8 kB at 445 kB/s)
Downloading from central: https://repo.maven.apache.org/maven2/org/codehaus/plexus/plexus-utils/1.5.6/plexus-utils-1.5.6.jar
Progress (1): 4.1/251 kBProgress (1): 8.2/251 kBProgress (1): 12/251 kB Progress (1): 16/251 kBProgress (1): 20/251 kBProgress (1): 25/251 kBProgress (1): 29/251 kBProgress (1): 33/251 kBProgress (1): 37/251 kBProgress (1): 41/251 kBProgress (1): 45/251 kBProgress (1): 49/251 kBProgress (1): 53/251 kBProgress (1): 57/251 kBProgress (1): 61/251 kBProgress (1): 66/251 kBProgress (1): 70/251 kBProgress (1): 74/251 kBProgress (1): 78/251 kBProgress (1): 82/251 kBProgress (1): 86/251 kBProgress (1): 90/251 kBProgress (1): 94/251 kBProgress (1): 98/251 kBProgress (1): 102/251 kBProgress (1): 106/251 kBProgress (1): 111/251 kBProgress (1): 115/251 kBProgress (1): 119/251 kBProgress (1): 123/251 kBProgress (1): 127/251 kBProgress (1): 131/251 kBProgress (1): 135/251 kBProgress (1): 139/251 kBProgress (1): 143/251 kBProgress (1): 147/251 kBProgress (1): 152/251 kBProgress (1): 156/251 kBProgress (1): 160/251 kBProgress (1): 164/251 kBProgress (1): 168/251 kBProgress (1): 172/251 kBProgress (1): 176/251 kBProgress (1): 180/251 kBProgress (1): 184/251 kBProgress (1): 188/251 kBProgress (1): 193/251 kBProgress (1): 197/251 kBProgress (1): 201/251 kBProgress (1): 205/251 kBProgress (1): 209/251 kBProgress (1): 213/251 kBProgress (1): 217/251 kBProgress (1): 221/251 kBProgress (1): 225/251 kBProgress (1): 229/251 kBProgress (1): 233/251 kBProgress (1): 238/251 kBProgress (1): 242/251 kBProgress (1): 246/251 kBProgress (1): 250/251 kBProgress (1): 251 kB                        Downloaded from central: https://repo.maven.apache.org/maven2/org/codehaus/plexus/plexus-utils/1.5.6/plexus-utils-1.5.6.jar (251 kB at 6.6 MB/s)
Downloading from nexus: http://nexus3:8081/repository/maven-snapshots/org/example/java-jenkins/1.0-SNAPSHOT/maven-metadata.xml
Uploading to nexus: http://nexus3:8081/repository/maven-snapshots/org/example/java-jenkins/1.0-SNAPSHOT/java-jenkins-1.0-20220123.110114-1.jar
Progress (1): 3.1 kB                    Uploaded to nexus: http://nexus3:8081/repository/maven-snapshots/org/example/java-jenkins/1.0-SNAPSHOT/java-jenkins-1.0-20220123.110114-1.jar (3.1 kB at 25 kB/s)
Uploading to nexus: http://nexus3:8081/repository/maven-snapshots/org/example/java-jenkins/1.0-SNAPSHOT/java-jenkins-1.0-20220123.110114-1.pom
Progress (1): 2.9 kB                    Uploaded to nexus: http://nexus3:8081/repository/maven-snapshots/org/example/java-jenkins/1.0-SNAPSHOT/java-jenkins-1.0-20220123.110114-1.pom (2.9 kB at 27 kB/s)
Downloading from nexus: http://nexus3:8081/repository/maven-snapshots/org/example/java-jenkins/maven-metadata.xml
Uploading to nexus: http://nexus3:8081/repository/maven-snapshots/org/example/java-jenkins/1.0-SNAPSHOT/maven-metadata.xml
Progress (1): 767 B                   Uploaded to nexus: http://nexus3:8081/repository/maven-snapshots/org/example/java-jenkins/1.0-SNAPSHOT/maven-metadata.xml (767 B at 21 kB/s)
Uploading to nexus: http://nexus3:8081/repository/maven-snapshots/org/example/java-jenkins/maven-metadata.xml
Progress (1): 281 B                   Uploaded to nexus: http://nexus3:8081/repository/maven-snapshots/org/example/java-jenkins/maven-metadata.xml (281 B at 8.3 kB/s)
[INFO] ------------------------------------------------------------------------
[INFO] BUILD SUCCESS
[INFO] ------------------------------------------------------------------------
[INFO] Total time:  5.129 s
[INFO] Finished at: 2022-01-23T11:01:19Z
[INFO] ------------------------------------------------------------------------
[8mha:////4LyQvRNcE3L4hy8LRbvW6fz7WFwvv+Ix8UhbZFffhEPfAAAApR+LCAAAAAAAAP9tjTEOwjAQBC9BFLSUPOIigVIhqrRWGl5gYmOcWHfGdkgqXsTX+AMWkajYYrWzzbzesI4BThwM9poGS7Gz6N1o8sKJw3B1PGHPF+yYIjuNrZ5aVrpZsOWkYUlRwkrARlPnOFoyCbailw9ZOUmmOqeQv6OA0qo7PKEQ2ZxkSF+YA+xuo4pMP89fAczeJygPda59/QFvgP+KvgAAAA==[0m[Pipeline] }
[8mha:////4PoK+xRzqlyftzW7YMQxSUBXqbWgNwcDsGhljGketW25AAAApR+LCAAAAAAAAP9tjTEOwjAQBC9BFLSUPOIiAaJBqWgtN7zAJMY4se6C7eBUvIiv8QcsIlGxxWpnm3m9YRk81OwNdpp6S6GxOLjR5IWJfX91nLDjCzZMgZ1GqZPkVp9mlBw1zClKWAhYaWocB0smwlp06qEqp8hU5+jzdxRQ2vYOTyhENkfl4xcmD5vb2Aamn+evAKZhiFDuDrm2+w9Xwmx7vgAAAA==[0m[Pipeline] // stage
[8mha:////4GnEJtU1AIuBsTThG4g5k1sviXq6uHd2730FzneeGSoYAAAAph+LCAAAAAAAAP9tjTEOwjAQBC9BFLSUPOIiRIEQSkVrueEFJjHGiXUXbAen4kV8jT9gEYmKLVY728zrDcvgoWZvsNPUWwqNxcGNJi9M7Pur44QdX7BhCuw0Sp0kt/o0o+SoYU5RwkLASlPjOFgyEdaiUw9VOUWmOkefv6OA0rZ3eEIhsjkqH78wedjcxjYw/Tx/BTANQ4Ryt8+1PXwAjD6s5b4AAAA=[0m[Pipeline] }
[8mha:////4FAdXjcAM0EjsUT7MYvtnFMMnr1ysUNep3wp79Y6T6eiAAAAph+LCAAAAAAAAP9tjTEOwjAQBC9BFLSUPOIiBAUSSkVrueEFJjHGiXUXbAen4kV8jT9gEYmKLVY728zrDcvgoWZvsNPUWwqNxcGNJi9M7Pur44QdX7BhCuw0Sp0kt/o0o+SoYU5RwkLASlPjOFgyEdaiUw9VOUWmOkefv6OA0rZ3eEIhsjkqH78wedjcxjYw/Tx/BTANQ4Ryd8i13X8A5PBLar4AAAA=[0m[Pipeline] // parallel
[8mha:////4JzuosbNXDkNPmAaz4XZvbk7BNQTjLSJbbUqiUUadAFdAAAApR+LCAAAAAAAAP9tjTEOwjAQBC9BFLSUPMIRSoUQVVorDS8w8WGcWHfGdkgqXsTX+AMWkajYYrWzzbzesI4BThyM6JEGS7GzwrvR5CUmDsPV8SR6voiOKbJD0eLUssZmwZYTwpKihJWEDVLnOFoyCbayVw9VOUWmOqeQv6OE0uo7PKGQ2ZxUSF+YA+xuo45MP89fAczeJyjrQ659/QHitnM/vgAAAA==[0m[Pipeline] }
[8mha:////4Kns1QVQqqp4PUDNVvlEDkGIaPIm8qXcp0JzefmW0z3/AAAApB+LCAAAAAAAAP9tjTEOwjAQBC9BFLSUPOICiA6lorXc8AKTGOPEugu2g1PxIr7GH7CIRMUWq51t5vWGZfBQszfYaeothcbi4EaTFyb2/dVxwo4v2DAFdhqlTpJbfZpRctQwpyhhIWClqXEcLJkIa9Gph6qcIlOdo8/fUUBp2zs8oRDZHJWPX5g8bG5jG5h+nr8CmIYhQnnY5trtPzLp3Kq+AAAA[0m[Pipeline] // stage
[8mha:////4BylK48yCSkMGH3jNbWHAq1x+RtkSMnaGtL62RAzFsoUAAAApx+LCAAAAAAAAP9tjTEOwjAUQ3+LOrAycohUkdgQE2uUhROEJIS00f8lSWknTsTVuAOBSkx4sGxL1nu+oEkRDhQd6yz2HpP2bAijK4lNFPtLoIl1dGaaMFGwTNpJkrHHpUrKFhZVNawErC3qQMmjy7ARnbqrNih07SnHsu0F1N7c4AGVKOSsYv6WOcL2OppE+OP8BcA8ZKg5L7bjn2fzBmZRBk/CAAAA[0m[Pipeline] stage
[8mha:////4DE/TVjlHu4r0gup4lgIur1ujT1NxLld//UC2VtcwlPWAAAApx+LCAAAAAAAAP9tjTEOwjAUQ3+LOrAycohUIDbE1DXKwglCE0La6P/yk9JOnIircQdaKjHhwbItWe/1hiIynIidaCy2HmPtRRd6NyUxELfXQINo6CJqwkjBCmUHRcZWS1WULCzKclhJWFusA0WPLsFGNvqhy6DRlefE03aUkHtzhydkciInzelbRobtrTeR8Mf5C4CxS5AfdrPt52fxAdhUMVHCAAAA[0m[Pipeline] { (test)
Stage "test" skipped due to earlier failure(s)
[8mha:////4IRQLppcjnU+hR7gIQ3XUx5/KetbmGr98itPpEuzShefAAAApB+LCAAAAAAAAP9tjTEOwjAQBC9BFLSUPOIiAR2iSmu54QUmNsaJdWdsh6TiRXyNPxCIRMUWq51t5vmCZYpw5GixNdQ5So3D4Hs7LRw4dhfPA7Z8xoYpsTcozSBZm3pGydnAnKKEhYCVocZzcmQzrEWr7qryimx1ynH6DgJKp2/wgEJM5qxi/sIYYXPtdWL6ef4KYAwhQ7nffWr7BtlvP1G+AAAA[0m[Pipeline] }
[8mha:////4KsQqoC5X1jMwOMMT2mXe3dFHV9w1f9BRw13SZmXvzJKAAAApB+LCAAAAAAAAP9tjTEOwjAQBC9BFLSUPOIipHSIitZKwwtMYowd686xHZyKF/E1/kAgEhVbrHa2mecL1jHAkYNGq6g3FFuD3o16Xpg59FfHGS1fsGWK7BQ2KjfcqdOCDScFS4oSVgI2ilrH0ZBOsBVW3mXlJOnqnML8HQSUphvgAYWYzUmG9IUpwO42dpHp5/krgMn7BGVdf2r/BtsOM9W+AAAA[0m[Pipeline] // stage
[8mha:////4BEVGlDdoY8tO3dqtUyeEQz6p0S+RhDPQv/EzDRMMgOFAAAAqB+LCAAAAAAAAP9tjTEOwjAUQ3+LOrAycohUlWBCTF2jLpwgNCEkjf4vSUo6cSKuxh0IVGLCg2Vbst7zBVXwcCSvmVU4GAy9YaObdE4skR8ujhKzdGY9YSCnWKdSR1K1S+0oKlhUlLDisFbYOwoGdYQNt+IuaidQ16fo83bgUBp5gwcUPJOj8PFbZg/b6yQD4Y/zFwDzGKFsmmy7/edZvQFwE5fUwgAAAA==[0m[Pipeline] stage
[8mha:////4LZIU+h+r4+UAZXUpzPj6tbEx75Yr0laqus3UAk5JQo9AAAApx+LCAAAAAAAAP9tjTEOwjAUQ3+LOrAycoh0ARbE1DXKwglCE0La6P/yk9JOnIircQdaKjHhwbItWe/1hiIynIidaCy2HmPtRRd6NyUxELfXQINo6CJqwkjBCmUHRcZWS1WULCzKclhJWFusA0WPLsFGNvqhy6DRlefE03aUkHtzhydkciInzelbRobtrTeR8Mf5C4CxS5Dv9rMd5mfxAUxleXrCAAAA[0m[Pipeline] { (sonar)
Stage "sonar" skipped due to earlier failure(s)
[8mha:////4H+MOx5wOFqt5QEypq0TNlXSDOWTDOmQ5mR+uV5PbNqLAAAApB+LCAAAAAAAAP9tjTEOwjAQBC9BFLSUPOLSICgQVVrLDS8wsTFOrDtjOyQVL+Jr/IFAJCq2WO1sM88XLFOEI0eLraHOUWocBt/baeHAsbt4HrDlMzZMib1BaQbJ2tQzSs4G5hQlLASsDDWekyObYS1adVeVV2SrU47TdxBQOn2DBxRiMmcV8xfGCJtrrxPTz/NXAGMIGcrt/lO7N9bpw82+AAAA[0m[Pipeline] }
[8mha:////4Ib9Pc7kUKyl7lMOWQVoi1yevTX1shJyYmNeNpFlrXobAAAApR+LCAAAAAAAAP9tjTEOwjAQBC9BFLSUPOLSgISEqNJabniBiY1xYt0Z2yGpeBFf4w8EIlGxxWpnm3m+YJkiHDlabA11jlLjMPjeTgsHjt3F84Atn7FhSuwNSjNI1qaeUXI2MKcoYSFgZajxnBzZDGvRqruqvCJbnXKcvoOA0ukbPKAQkzmrmL8wRthce52Yfp6/AhhDyFBu95/avQG5CpylvgAAAA==[0m[Pipeline] // stage
[8mha:////4H/uvpzQL3A2RcszNsuDOpOJcmiHqup6KD5r/nZSsbaXAAAApR+LCAAAAAAAAP9tjTEOwjAQBC9BFLSUPOKiSDQIUaW10vACExvjxLoztkNS8SK+xh+wiETFFqudbeb1hnUMcOJgsNc0WIqdRe9GkxdOHIar4wl7vmDHFNlpbPXUstLNgi0nDUuKElYCNpo6x9GSSbAVvXzIykky1TmF/B0FlFbd4QmFyOYkQ/rCHGB3G1Vk+nn+CmD2PkG5P+Sq6w9A6doUvgAAAA==[0m[Pipeline] }
[8mha:////4LyKD5wAuffz60hEyiVda2mKSnmD3lJMfPrFl5ahzIVbAAAApB+LCAAAAAAAAP9tjTEOwjAQBC9BFLSUPOISCipEldZKwwtMbIwT687YDknFi/gaf8AiEhVbrHa2mdcb1jHAiYPBXtNgKXYWvRtNXjhxGK6OJ+z5gh1TZKex1VPLSjcLtpw0LClKWAnYaOocR0smwVb08iErJ8lU5xTydxRQWnWHJxQim5MM6QtzgN1tVJHp5/krgNn7BOWhzrWvP6qDpeK+AAAA[0m[Pipeline] // withEnv
[8mha:////4LCoWDltZWPMkJstulRTVepFMpoA1AOv8EzDodda62j9AAAAox+LCAAAAAAAAP9tjTEOwjAQBDdBFLSUPMIRElSIitZKwwtMYowT6y7YF5KKF/E1/kBEJCq22plmXm8sU8SRo1ONpdZTqrzqQu+mpwaO7TXwoBq+qIopcbCqtEPJtT3NWLJYzMtyLDRWlqrAyZMTrHVjHqYIhlxxlji5g0bu6zueyPRUFhPlC2PE5tbXienX+RvA2HWCfL8VZLsPI0C0dL0AAAA=[0m[Pipeline] }
[8mha:////4GVpRjxR/0T0oqwLZHbwHtbN6joxOQ9C5kK+Y6+P2iEBAAAAox+LCAAAAAAAAP9tjTEOwjAQBDdBFLSUPMKRQFSIitZKwwtMYowT6y7YF5KKF/E1/kBEJCq22plmXm8sU8SRo1ONpdZTqrzqQu+mpwaO7TXwoBq+qIopcbCqtEPJtT3NWLJYzMtyLDRWlqrAyZMTrHVjHqYIhlxxlji5g0bu6zueyPRUFhPlC2PE5tbXienX+RvA2HWCfL8VZLsPUK9wrb0AAAA=[0m[Pipeline] // node
[8mha:////4OqIvyCWH3UOjbDuFQIbjNC1CB230ukBl5Z5oUdW85z1AAAAox+LCAAAAAAAAP9tjTEOwjAQBDdBFLSUPMKRQFSIitZKwwtMYowT6y7YF5KKF/E1/kBEJCq22plmXm8sU8SRo1ONpdZTqrzqQu+mpwaO7TXwoBq+qIopcbCqtEPJtT3NWLJYzMtyLDRWlqrAyZMTrHVjHqYIhlxxlji5g0bu6zueyPRUFhPlC2PE5tbXienX+RvA2HWCfL8TZNsPdrYX570AAAA=[0m[Pipeline] End of Pipeline
ERROR: script returned exit code 1

GitHub has been notified of this commitâ€™s build result

Finished: FAILURE
