Branch indexing
[8mha:////4BhjrTOHjIQMyWxDlaKMTiU4bGuaN6PA6GpPpfd7fttoAAAAhB+LCAAAAAAAAP9b85aBtbiIwSa/KF0vKzUvOzOvODlTryCnNB3I0kvPLMkoTYpPKkrMS86IL84vLUpO1XPPLPEoTXLOzyvOz0n1yy9JZYAARiYGRi8GzpLM3NTiksTcgooiBqmM0pTi/Dy9ZIhiPayaGCoKgHRdvmgRPwAK/deTjgAAAA==[0mConnecting to https://api.github.com using admin/****** (GitHub Access Token)
Obtained Jenkinsfile from 6328054ad4f01655e002bdda9857f2e8e7832bb3
[8mha:////4BQg3YhNJ9u7M4V7g8ldsn6WTA9K36sa3jbyGJgYIGP1AAAAoh+LCAAAAAAAAP9tjTEOwjAQBM8BClpKHuFItIiK1krDC0x8GCfWnbEdkooX8TX+gCESFVvtrLSa5wtWKcKBo5UdUu8otU4GP9jS5Mixv3geZcdn2TIl9igbHBs2eJyx4YwwR1SwULBGaj0nRzbDRnX6rmuvydanHMu2V1A5c4MHCFXMWcf8hSnC9jqYxPTz/BXAFEIGsfuclm8zQVqFvQAAAA==[0m[Pipeline] Start of Pipeline
[8mha:////4NiVzYEKyW4pZYwA8SQBqXYEQcMMM3IjrhjkfxzC0LcEAAAApR+LCAAAAAAAAP9tjTEOwjAUQ3+KOrAycohUghExsUZZOEFIQkgb/d8mKe3EibgadyBQiQlLlmxL1nu+oE4RjhQdby12HpP2vA+jK4lPFLtroIm3dOGaMFGwXNpJkrGnpUrKFhaxClYC1hZ1oOTRZdiIVt1VExS65pxj2Q4CKm8GeAAThZxVzN8yR9jeRpMIf5y/AJj7DGxXvP/86jduZBmjwAAAAA==[0m[Pipeline] node
Running on [8mha:////4HxUDgdXNRB1tXRPEcSzkfQKCwbSLz+rDQ7PFCUszBFsAAAAoR+LCAAAAAAAAP9b85aBtbiIQTGjNKU4P08vOT+vOD8nVc83PyU1x6OyILUoJzMv2y+/JJUBAhiZGBgqihhk0NSjKDWzXb3RdlLBUSYGJk8GtpzUvPSSDB8G5tKinBIGIZ+sxLJE/ZzEvHT94JKizLx0a6BxUmjGOUNodHsLgAz2EgZR/eT83ILSktQifY2k0sycEt3MPE19AHHxbH3KAAAA[0mJenkins in /var/jenkins_home/workspace/java-jenkins_master
[8mha:////4FfyyiBQyeZHpubksXkTuUbYkdlBQuGKfpN6+84+3kVhAAAApR+LCAAAAAAAAP9tjTEOwjAUQ3+KOrAycoh0gA0xsUZZOEFIQkgb/d8mKe3EibgadyBQiQlLlmxL1nu+oE4RjhQdby12HpP2vA+jK4lPFLtroIm3dOGaMFGwXNpJkrGnpUrKFhaxClYC1hZ1oOTRZdiIVt1VExS65pxj2Q4CKm8GeAAThZxVzN8yR9jeRpMIf5y/AJj7DGxXvP/86jfoP95RwAAAAA==[0m[Pipeline] {
[8mha:////4GXP1PVTEwGJke/EGHxPmC1mVlD30AbHR6//5zQw25NPAAAApR+LCAAAAAAAAP9tjTEOwjAUQ3+KOrAycoh0gQkxsUZZOEFIQkgb/d8mKe3EibgadyBQiQlLlmxL1nu+oE4RjhQdby12HpP2vA+jK4lPFLtroIm3dOGaMFGwXNpJkrGnpUrKFhaxClYC1hZ1oOTRZdiIVt1VExS65pxj2Q4CKm8GeAAThZxVzN8yR9jeRpMIf5y/AJj7DGxXvP/86jc09154wAAAAA==[0m[Pipeline] stage
[8mha:////4KvnPQZW7TIViy569YYzxGtwlFfumfXSQaHb9mBuP+vzAAAApR+LCAAAAAAAAP9tjTEOwjAUQ3+KOrAycoh0ggUxsUZZOEFIQkgb/d8mKe3EibgadyBQiQlLlmxL1nu+oE4RjhQdby12HpP2vA+jK4lPFLtroIm3dOGaMFGwXNpJkrGnpUrKFhaxClYC1hZ1oOTRZdiIVt1VExS65pxj2Q4CKm8GeAAThZxVzN8yR9jeRpMIf5y/AJj7DGxXvP/86jek7ggRwAAAAA==[0m[Pipeline] { (Declarative: Checkout SCM)
[8mha:////4PdhZrbOFSAMS+PXy0iBKFKEmSyJjVLeRg/LR0TTNXbFAAAAoh+LCAAAAAAAAP9tjTEOAiEURD9rLGwtPQTbaWGsbAmNJ0AWEZb8zwLrbuWJvJp3kLiJlZNMMm+a93rDOic4UbLcG+wdZu14DKOti0+U+lugiXu6ck2YKRguzSSpM+cFJRUDS1gDKwEbgzpQdmgLbIVXD9UGhba9lFS/o4DGdQM8gYlqLiqVL8wJdvexy4Q/z18BzLEA29ce4gfg7KmOvAAAAA==[0m[Pipeline] checkout
The recommended git tool is: NONE
using credential github
 > git rev-parse --resolve-git-dir /var/jenkins_home/workspace/java-jenkins_master/.git # timeout=10
Fetching changes from the remote Git repository
 > git config remote.origin.url https://github.com/tomwallyn/java-jenkins.git # timeout=10
Cleaning workspace
 > git rev-parse --verify HEAD # timeout=10
Resetting working tree
 > git reset --hard # timeout=10
 > git clean -fdx # timeout=10
Fetching without tags
Fetching upstream changes from https://github.com/tomwallyn/java-jenkins.git
 > git --version # timeout=10
 > git --version # 'git version 2.30.2'
using GIT_ASKPASS to set credentials GitHub Access Token
 > git fetch --no-tags --force --progress -- https://github.com/tomwallyn/java-jenkins.git +refs/heads/master:refs/remotes/origin/master # timeout=10
Checking out Revision 6328054ad4f01655e002bdda9857f2e8e7832bb3 (master)
 > git config core.sparsecheckout # timeout=10
 > git checkout -f 6328054ad4f01655e002bdda9857f2e8e7832bb3 # timeout=10
 > git branch -a -v --no-abbrev # timeout=10
 > git branch -D master # timeout=10
 > git checkout -b master 6328054ad4f01655e002bdda9857f2e8e7832bb3 # timeout=10
Commit message: "Added Jenkinsfile"
 > git rev-list --no-walk 91d93dd137aa20fa764513ac59558f2e83b48358 # timeout=10
Cleaning workspace
 > git rev-parse --verify HEAD # timeout=10
Resetting working tree
 > git reset --hard # timeout=10
 > git clean -fdx # timeout=10
[8mha:////4BEO9fj/grufb+8QffHjUSb/H5kFU4jOiNNoeSW1TY3zAAAAoh+LCAAAAAAAAP9tjTEOAiEURD9rLGwtPQTbGRNjZUtoPAGyiLDkfxZYdytP5NW8g8RNrJxkknnTvNcb1jnBiZLl3mDvMGvHYxhtXXyi1N8CTdzTlWvCTMFwaSZJnTkvKKkYWMIaWAnYGNSBskNbYCu8eqg2KLTtpaT6HQU0rhvgCUxUc1GpfGFOsLuPXSb8ef4KYI6xADvU7j9Dg2gqvAAAAA==[0m[Pipeline] }
[8mha:////4Ow7ozOhxr/TYGH0jq5NJ7sPxSQj5vJJjGmjyvqs0HE6AAAAoh+LCAAAAAAAAP9tjTEOAiEURD9rLGwtPQRbWRhjZUtoPAGyiLDkfxZYdytP5NW8g8RNrJxkknnTvNcb1jnBiZLl3mDvMGvHYxhtXXyi1N8CTdzTlWvCTMFwaSZJnTkvKKkYWMIaWAnYGNSBskNbYCu8eqg2KLTtpaT6HQU0rhvgCUxUc1GpfGFOsLuPXSb8ef4KYI6xADvU7j9J+wGOvAAAAA==[0m[Pipeline] // stage
[8mha:////4B9GB1wq6E3eWfQ8u2ttY7hGvNsNtGVLq8py1fJPFjAgAAAAph+LCAAAAAAAAP9tjTEOwjAQBM9BKWgpeYQDEh2iorXc8AITG+PEugv2haTiRXyNPxCIRMVWOyut5vmCMic4UPKycdgGzHWQXez91ORAqb1EGmRDZ1kTZopOajdosu44oyZ2MEcUsFCwdFhHygE9w0o15m6qaNBXJ07TtldQBHuDBwg1mdkk/sKYYH3tbSb8ef4KYOwYxI6h2G4+x/INtuQqUcEAAAA=[0m[Pipeline] withEnv
[8mha:////4E+H72J0IxN6DK79Ry5drnbqEGooDcIup4Af0DpUDF+hAAAApR+LCAAAAAAAAP9tjTEOwjAUQ3+DOrAycoiUzoiJNerCCUITQtLo/zZJSSdOxNW4Ay2VmPBg2Zas93pDGQOcKBjuNHYWY2t570czJ54pdDdPmTu68pYwkte80bkhpc9rbShpWFUw2AjYamw9RYsmwU44+ZCVl2iqSwrzdhTArBrgCYWYyUmG9C1TgP19VJHwx/kLgKlPwOrDYvXyLD8BobDcwgAAAA==[0m[Pipeline] {
[8mha:////4D2uvgnFWDKYrU9ewOUQa1Iz2acyLf890MLWCKT7UZO1AAAAph+LCAAAAAAAAP9tjTEOwjAUQ3+LOrAycohUZUVMrFEWThCaEJJG/7dJSjpxIq7GHWipxIQHy7ZkvdcbqhjgRMEwp7GzGFvLej+aObFMobt5yszRlbWEkbxmQmdBSp/XKihpWFWUsOGw1dh6ihZNgh138iFrL9HUlxTm7cihtGqAJxR8JicZ0rdMAfb3UUXCH+cvAKY+Qdk0ix2WZ/UBbwyqm8IAAAA=[0m[Pipeline] stage
[8mha:////4CpXcGyluFKBRpfGf1XxLWZQ4i5AcB7QJnM5JDJ1MNSiAAAAph+LCAAAAAAAAP9tjTEOwjAUQ3+LOrAycohUwIiYukZZOEFoQkgb/V9+UtqJE3E17kBLJSY8WLYl673eUESGE7ETjcXWY6y96ELvpiQG4vYaaBANXURNGClYoeygyNhqqYqShUVZDisJa4t1oOjRJdjIRj90GTS68px42o4Scm/u8IRMTuSkOX3LyLC99SYS/jh/ATB2CfLdfrbD/Cw+y7kUycIAAAA=[0m[Pipeline] { (check)
[8mha:////4LQh6NqKVgY1rwLyB1FFttprHMzu2Z4Y68oPygarIpxfAAAApx+LCAAAAAAAAP9tjTEOwjAUQ3+LOrAycohUCDbE1DXKwglCE0La6P/yk9JOnIircQdaKjHhwbItWe/1hiIynIidaCy2HmPtRRd6NyUxELfXQINo6CJqwkjBCmUHRcZWS1WULCzKclhJWFusA0WPLsFGNvqhy6DRlefE03aUkHtzhydkciInzelbRobtrTeR8Mf5C4CxS5Dv9rMd5mfxAbNWnxXCAAAA[0m[Pipeline] parallel
[8mha:////4EIqSqqy2QX81jQb1Yx6itpieGWy1Px5eoJ5md5FdcFBAAAAqB+LCAAAAAAAAP9tjTEOwjAUQ3+LOrAycohUSAxIiKlrlIUThCaEtNH/5SelnTgRV+MOtFRiwoNlW7Le6w1FZDgRO9FYbD3G2osu9G5KYiBur4EG0dBF1ISRghXKDoqMrZaqKFlYlOWwkrC2WAeKHl2CjWz0Q5dBoyvPiaftKCH35g5PyORETprTt4wM21tvIuGP8xcAY5cg3+1nO8zP4gNLg2ZLwgAAAA==[0m[Pipeline] { (Branch: pmd)
[8mha:////4Ook/5hu/7leFCECnNG/KqitC+nT+aQDw5H8KPBHA0RSAAAAqB+LCAAAAAAAAP9tjTEOwjAUQ3+LOrAycohUSCwIMXWNsnCC0ISQNvq//KS0EyfiatyBlkpMeLBsS9Z7vaGIDCdiJxqLrcdYe9GF3k1JDMTtNdAgGrqImjBSsELZQZGx1VIVJQuLshxWEtYW60DRo0uwkY1+6DJodOU58bQdJeTe3OEJmZzISXP6lpFhe+tNJPxx/gJg7BLku/1sh/lZfADuUDqAwgAAAA==[0m[Pipeline] { (Branch: checkstyle)
[8mha:////4CsEBNuoD9SQXTBtRSe0WZJaErn1QcuUwkHsgR2XzvicAAAApx+LCAAAAAAAAP9tjTEOwjAUQ3+LOrAycogUEBvqxBp14QShCSFp9H9JUtKJE3E17kCgEhMeLNuS9Z4vqIKHhrxmVmFvMHSGDW7UObFEvr84SszSmXWEgZxirUotSXWca0tRwayihAWHpcLOUTCoI6y4FXdRO4G6PkWftwOH0sgbPKDgmRyFj98yeVhfRxkIf5y/AJiGCOV2n223+TyrN7sb3ZbCAAAA[0m[Pipeline] { (Branch: test)
[8mha:////4BNhXe7kGRxfB3iuRpnLnILvPt2qy38j/+XAhy1LJiksAAAApx+LCAAAAAAAAP9tjTEOwjAUQ3+LOrAycohURWyIqWvUhROEJoSk0f8lSUknTsTVuAOBSkx4sGxL1nu+oAoejuQ1swoHg6E3bHSTzokl8sPFUWKWzqwnDOQU61TqSKp2qR1FBYuKElYc1gp7R8GgjrDhVtxF7QTq+hR93g4cSiNv8ICCZ3IUPn7L7GF7nWQg/HH+AmAeI5TNPtuu+TyrNx7IgV3CAAAA[0m[Pipeline] { (Branch: sonar)
[8mha:////4OmBPjuriRu88Y/GuBklKflBysO7rb3z2ZzZZDHzPF/QAAAAqB+LCAAAAAAAAP9tjTEOwjAUQ3+LOrAycohUdEJCTF2jLJwgJCGkjf4vSUo7cSKuxh0IVGLCg2Vbst7zBVUMcKRgWWewdxiVY4MfbU5sotBfPE2sozNThJG8YcJMgrRplyooGVhUlLDisDaoPEWHNsGGd/Iuay/R1qcU8nbgUDp9gwcUPJOTDOlb5gDb66gj4Y/zFwDzkKDc7bM1zedZvQF3KA/RwgAAAA==[0m[Pipeline] stage
[8mha:////4AnkeFMia9o8W2KKRKQG8MyagBRYFSTWm2V4MbyzeHwkAAAAph+LCAAAAAAAAP9tjTEOwjAUQ3+LOrAycohUKiNiYo2ycILQhJA0+r9NUtKJE3E17kBLJSY8WLYl673eUMUAJwqGOY2dxdha1vvRzIllCt3NU2aOrqwljOQ1EzoLUvq8VkFJw6qihA2HrcbWU7RoEuy4kw9Ze4mmvqQwb0cOpVUDPKHgMznJkL5lCrC/jyoS/jh/ATD1CcqmWeywPKsPpnFij8IAAAA=[0m[Pipeline] { (pmd)
[8mha:////4MNFRy5ZKlOpSxGzcLbvIWUWUDlBnkBB8i4PYrc2t56GAAAAqB+LCAAAAAAAAP9tjTEOwjAUQ3+LOrAycohUIBaEOrFGXThBaEJIGv1fkpR04kRcjTsQqMSEB8u2ZL3nC6rgoSGvmVXYGwydYYMbdU4ske8vjhKzdGYdYSCnWKtSS1Id59pSVDCrKGHBYamwcxQM6ggrbsVd1E6grk/R5+3AoTTyBg8oeCZH4eO3TB7W11EGwh/nLwCmIUK52Wfb7j7P6g2qFNjGwgAAAA==[0m[Pipeline] stage
[8mha:////4Kr+qrzgzqn0q5ipFAYOsY3qwnX9khmlP8CFER1Tk0s/AAAApx+LCAAAAAAAAP9tjTEOwjAUQ3+LOrAycohUQjAhpq5RFk4QmhDSRv+Xn5R24kRcjTvQUokJD5ZtyXqvNxSR4UTsRGOx9RhrL7rQuymJgbi9BhpEQxdRE0YKVig7KDK2WqqiZGFRlsNKwtpiHSh6dAk2stEPXQaNrjwnnrajhNybOzwhkxM5aU7fMjJsb72JhD/OXwCMXYJ8t5/tMD+LD/hYjrHCAAAA[0m[Pipeline] { (checkstyle)
[8mha:////4JIfjbJ/e0zCEuGuOWPN/1VKcK+mlYg6EPLRfujf3mwGAAAApx+LCAAAAAAAAP9tjTEOwjAUQ3+LOrAycogUMbAgpq5RFk4QmhDSRv+Xn5R24kRcjTvQUokJD5ZtyXqvNxSR4UTsRGOx9RhrL7rQuymJgbi9BhpEQxdRE0YKVig7KDK2WqqiZGFRlsNKwtpiHSh6dAk2stEPXQaNrjwnnrajhNybOzwhkxM5aU7fMjJsb72JhD/OXwCMXYJ8v5vtMD+LD9RZw4fCAAAA[0m[Pipeline] stage
[8mha:////4MweoYzDje+rRNdnFMOFOqPLCPKZAytqe423RujnPBfnAAAAqB+LCAAAAAAAAP9tjTEOwjAUQ3+LOrAycohUYoABMXWNsnCC0ISQNvq//KS0EyfiatyBlkpMeLBsS9Z7vaGIDCdiJxqLrcdYe9GF3k1JDMTtNdAgGrqImjBSsELZQZGx1VIVJQuLshxWEtYW60DRo0uwkY1+6DJodOU58bQdJeTe3OEJmZzISXP6lpFhe+tNJPxx/gJg7BLku/1sh/lZfAAyQCqkwgAAAA==[0m[Pipeline] { (test)
[8mha:////4P8AFcF3fUI52kQ8DWNFz4Jrow7lg4OcteKY8MDXwJCCAAAApx+LCAAAAAAAAP9tjTEOwjAUQ3+LOrAycohUMCEhpq5RFk4QmhDSRv+Xn5R24kRcjTvQUokJD5ZtyXqvNxSR4UTsRGOx9RhrL7rQuymJgbi9BhpEQxdRE0YKVig7KDK2WqqiZGFRlsNKwtpiHSh6dAk2stEPXQaNrjwnnrajhNybOzwhkxM5aU7fMjJsb72JhD/OXwCMXYJ8v5vtMD+LD2TnR3zCAAAA[0m[Pipeline] stage
[8mha:////4FIVWPF+QqvtAIqL7lfzaWqCdl4Ce5wyYCE8kO7fYI3JAAAApx+LCAAAAAAAAP9tjTEOwjAUQ3+LOrAycohUYgIhpq5RFk4QmhDSRv+Xn5R24kRcjTvQUokJD5ZtyXqvNxSR4UTsRGOx9RhrL7rQuymJgbi9BhpEQxdRE0YKVig7KDK2WqqiZGFRlsNKwtpiHSh6dAk2stEPXQaNrjwnnrajhNybOzwhkxM5aU7fMjJsb72JhD/OXwCMXYJ8t5/tMD+LD0QKVszCAAAA[0m[Pipeline] { (sonar)
[8mha:////4GumRYsZYt6MGVEI4oiuU3FRsGny8EbX46LrQrv8f0s6AAAApB+LCAAAAAAAAP9tjTEOwjAQBC9BFLSUPOKCSImo0lppeIGJjXFi3RnbIal4EV/jD1hEomKL1c4283rDOgY4cTDYaxosxc6id6PJCycOw9XxhD1fsGOK7DS2empZ6WbBlpOGJUUJKwEbTZ3jaMkk2IpePmTlJJnqnEL+jgJKq+7whEJkc5IhfWEOsLuNKjL9PH8FMPsE5aHOVe/9B4OiyR2+AAAA[0m[Pipeline] sh
[8mha:////4OR04z/Mynh+H5tnO0I+23d9dMRJzUQmHCSpxiu3cNtlAAAApR+LCAAAAAAAAP9tjTEOwjAQBC9BFLSUPOIiQFQoFa3lhheYxBgn1l2wHZyKF/E1/oBFJCq2WO1sM683LIOHmr3BTlNvKTQWBzeavDCx76+OE3Z8wYYpsNModZLc6tOMkqOGOUUJCwErTY3jYMlEWItOPVTlFJnqHH3+jgJK297hCYXI5qh8/MLkYXMb28D08/wVwDREKHeHXPvt8AH4pgJnvgAAAA==[0m[Pipeline] sh
[8mha:////4KUBkpybIwQ9Of995Q3+p7LNKBsl7KqrJQNB8NSXSafqAAAApR+LCAAAAAAAAP9tjTEOwjAQBC9BFLSUPOIihYICUaW10vACExvjxLoztkNS8SK+xh+wiETFFqudbeb1hnUMcOJgsNc0WIqdRe9GkxdOHIar4wl7vmDHFNlpbPXUstLNgi0nDUuKElYCNpo6x9GSSbAVvXzIykky1TmF/B0FlFbd4QmFyOYkQ/rCHGB3G1Vk+nn+CmD2Ccr6kGtf+w8S5LDbvgAAAA==[0m[Pipeline] sh
[8mha:////4KG+9OUkqNPWMREBqeRRQKW5bnyXZiUGxd1mQbCbk8kgAAAApR+LCAAAAAAAAP9tjTEOwjAQBC9BFLSUPMKRSIUQVVorDS8w8WGcWHfGdkgqXsTX+AMWkajYYrWzzbzesI4BThyM6JEGS7GzwrvR5CUmDsPV8SR6voiOKbJD0eLUssZmwZYTwpKihJWEDVLnOFoyCbayVw9VOUWmOqeQv6OE0uo7PKGQ2ZxUSF+YA+xuo45MP89fAcw+Qbk/5Kpr/wEOrpSSvgAAAA==[0m[Pipeline] sh
+ ./mvnw pmd:check
+ ./mvnw checkstyle:check
+ ./mvnw test
+ ./mvnw clean verify sonar:sonar -Dsonar.projectKey=JenkinsTP -Dsonar.host.url=http://sonarqube:8084 -Dsonar.login=b1cf64eb9934efe289666927868828a46efe9ecc
[INFO] Scanning for projects...
[INFO] 
[INFO] ----------------------< org.example:java-jenkins >----------------------
[INFO] Building java-jenkins 1.0-SNAPSHOT
[INFO] --------------------------------[ jar ]---------------------------------
[INFO] 
[INFO] >>> maven-pmd-plugin:3.15.0:check (default-cli) > :pmd @ java-jenkins >>>
[INFO] Scanning for projects...
[INFO] Scanning for projects...
[INFO] 
[INFO] ----------------------< org.example:java-jenkins >----------------------
[INFO] Building java-jenkins 1.0-SNAPSHOT
[INFO] --------------------------------[ jar ]---------------------------------
[INFO] Scanning for projects...
[INFO] 
[INFO] --- maven-pmd-plugin:3.15.0:pmd (pmd) @ java-jenkins ---
[INFO] 
[INFO] ----------------------< org.example:java-jenkins >----------------------
[INFO] Building java-jenkins 1.0-SNAPSHOT
[INFO] --------------------------------[ jar ]---------------------------------
[INFO] 
[INFO] --- maven-checkstyle-plugin:3.1.2:check (default-cli) @ java-jenkins ---
[INFO] 
[INFO] --- maven-resources-plugin:2.6:resources (default-resources) @ java-jenkins ---
[INFO] 
[INFO] ----------------------< org.example:java-jenkins >----------------------
[INFO] Building java-jenkins 1.0-SNAPSHOT
[INFO] --------------------------------[ jar ]---------------------------------
[INFO] 
[INFO] --- maven-clean-plugin:2.5:clean (default-clean) @ java-jenkins ---
[INFO] Deleting /var/jenkins_home/workspace/java-jenkins_master/target
[INFO] 
[INFO] --- maven-resources-plugin:2.6:resources (default-resources) @ java-jenkins ---
[WARNING] Using platform encoding (UTF-8 actually) to copy filtered resources, i.e. build is platform dependent!
[INFO] skip non existing resourceDirectory /var/jenkins_home/workspace/java-jenkins_master/src/main/resources
[INFO] 
[INFO] --- maven-compiler-plugin:3.1:compile (default-compile) @ java-jenkins ---
[WARNING] Using platform encoding (UTF-8 actually) to copy filtered resources, i.e. build is platform dependent!
[INFO] skip non existing resourceDirectory /var/jenkins_home/workspace/java-jenkins_master/src/main/resources
[INFO] 
[INFO] --- maven-compiler-plugin:3.1:compile (default-compile) @ java-jenkins ---
[INFO] Changes detected - recompiling the module!
[WARNING] File encoding has not been set, using platform encoding UTF-8, i.e. build is platform dependent!
[INFO] Compiling 1 source file to /var/jenkins_home/workspace/java-jenkins_master/target/classes
[INFO] Changes detected - recompiling the module!
[WARNING] File encoding has not been set, using platform encoding UTF-8, i.e. build is platform dependent!
[INFO] Compiling 1 source file to /var/jenkins_home/workspace/java-jenkins_master/target/classes
[WARNING] Old version of checkstyle detected. Consider updating to >= v8.30
[WARNING] For more information see: https://maven.apache.org/plugins/maven-checkstyle-plugin/examples/upgrading-checkstyle.html
[WARNING] File encoding has not been set, using platform encoding UTF-8, i.e. build is platform dependent!
[WARNING] Unable to locate Source XRef to link to - DISABLED
[WARNING] File encoding has not been set, using platform encoding UTF-8, i.e. build is platform dependent!
[INFO] PMD version: 6.38.0
[INFO] There are 34 errors reported by Checkstyle 8.29 with sun_checks.xml ruleset.
[ERROR] src/main/java/com/tomyoannromain/javajenkins/Main.java:[1] (javadoc) JavadocPackage: Missing package-info.java file.
[ERROR] src/main/java/com/tomyoannromain/javajenkins/Main.java:[3,8] (imports) UnusedImports: Unused import - java.lang.reflect.Array.
[ERROR] src/main/java/com/tomyoannromain/javajenkins/Main.java:[5,8] (imports) UnusedImports: Unused import - java.util.List.
[ERROR] src/main/java/com/tomyoannromain/javajenkins/Main.java:[7,1] (design) HideUtilityClassConstructor: Utility classes should not have a public or default constructor.
[ERROR] src/main/java/com/tomyoannromain/javajenkins/Main.java:[8,5] (javadoc) MissingJavadocMethod: Missing a Javadoc comment.
[ERROR] src/main/java/com/tomyoannromain/javajenkins/Main.java:[8,29] (misc) FinalParameters: Parameter args should be final.
[ERROR] src/main/java/com/tomyoannromain/javajenkins/Main.java:[11,24] (coding) MagicNumber: '5' is a magic number.
[ERROR] src/main/java/com/tomyoannromain/javajenkins/Main.java:[11,25] (whitespace) WhitespaceAfter: ',' is not followed by whitespace.
[ERROR] src/main/java/com/tomyoannromain/javajenkins/Main.java:[11,26] (coding) MagicNumber: '3' is a magic number.
[ERROR] src/main/java/com/tomyoannromain/javajenkins/Main.java:[11,27] (whitespace) WhitespaceAfter: ',' is not followed by whitespace.
[ERROR] src/main/java/com/tomyoannromain/javajenkins/Main.java:[15,5] (javadoc) MissingJavadocMethod: Missing a Javadoc comment.
[ERROR] src/main/java/com/tomyoannromain/javajenkins/Main.java:[15,58] (whitespace) WhitespaceAround: '{' is not preceded with whitespace.
[ERROR] src/main/java/com/tomyoannromain/javajenkins/Main.java:[19] (sizes) LineLength: Line is longer than 80 characters (found 87).
[ERROR] src/main/java/com/tomyoannromain/javajenkins/Main.java:[19,5] (javadoc) MissingJavadocMethod: Missing a Javadoc comment.
[ERROR] src/main/java/com/tomyoannromain/javajenkins/Main.java:[19,55] (misc) FinalParameters: Parameter shoppingCart should be final.
[ERROR] src/main/java/com/tomyoannromain/javajenkins/Main.java:[19,87] (whitespace) WhitespaceAround: '{' is not preceded with whitespace.
[ERROR] src/main/java/com/tomyoannromain/javajenkins/Main.java:[20,9] (whitespace) WhitespaceAround: 'for' is not followed by whitespace.
[ERROR] src/main/java/com/tomyoannromain/javajenkins/Main.java:[20,18] (whitespace) WhitespaceAround: '=' is not followed by whitespace.
[ERROR] src/main/java/com/tomyoannromain/javajenkins/Main.java:[20,18] (whitespace) WhitespaceAround: '=' is not preceded with whitespace.
[ERROR] src/main/java/com/tomyoannromain/javajenkins/Main.java:[20,20] (whitespace) WhitespaceAfter: ';' is not followed by whitespace.
[ERROR] src/main/java/com/tomyoannromain/javajenkins/Main.java:[20,22] (whitespace) WhitespaceAround: '<' is not followed by whitespace.
[ERROR] src/main/java/com/tomyoannromain/javajenkins/Main.java:[20,22] (whitespace) WhitespaceAround: '<' is not preceded with whitespace.
[ERROR] src/main/java/com/tomyoannromain/javajenkins/Main.java:[20,23] (coding) MagicNumber: '5' is a magic number.
[ERROR] src/main/java/com/tomyoannromain/javajenkins/Main.java:[20,24] (whitespace) WhitespaceAfter: ';' is not followed by whitespace.
[ERROR] src/main/java/com/tomyoannromain/javajenkins/Main.java:[20,29] (whitespace) WhitespaceAround: '{' is not preceded with whitespace.
[ERROR] src/main/java/com/tomyoannromain/javajenkins/Main.java:[21,31] (whitespace) WhitespaceAfter: ',' is not followed by whitespace.
[ERROR] src/main/java/com/tomyoannromain/javajenkins/Main.java:[26] (sizes) LineLength: Line is longer than 80 characters (found 113).
[ERROR] src/main/java/com/tomyoannromain/javajenkins/Main.java:[26,5] (javadoc) MissingJavadocMethod: Missing a Javadoc comment.
[ERROR] src/main/java/com/tomyoannromain/javajenkins/Main.java:[26,39] (misc) FinalParameters: Parameter numberOfBooks should be final.
[ERROR] src/main/java/com/tomyoannromain/javajenkins/Main.java:[26,58] (misc) FinalParameters: Parameter harryPotterVolume should be final.
[ERROR] src/main/java/com/tomyoannromain/javajenkins/Main.java:[26,81] (misc) FinalParameters: Parameter shoppingCart should be final.
[ERROR] src/main/java/com/tomyoannromain/javajenkins/Main.java:[26,113] (whitespace) WhitespaceAround: '{' is not preceded with whitespace.
[ERROR] src/main/java/com/tomyoannromain/javajenkins/Main.java:[27,43] (whitespace) WhitespaceAround: '-' is not followed by whitespace.
[ERROR] src/main/java/com/tomyoannromain/javajenkins/Main.java:[27,43] (whitespace) WhitespaceAround: '-' is not preceded with whitespace.
[INFO] ------------------------------------------------------------------------
[INFO] BUILD FAILURE
[INFO] ------------------------------------------------------------------------
[INFO] Total time:  3.396 s
[INFO] Finished at: 2022-01-18T21:26:31Z
[INFO] ------------------------------------------------------------------------
[ERROR] Failed to execute goal org.apache.maven.plugins:maven-checkstyle-plugin:3.1.2:check (default-cli) on project java-jenkins: You have 34 Checkstyle violations. -> [Help 1]
[ERROR] 
[ERROR] To see the full stack trace of the errors, re-run Maven with the -e switch.
[ERROR] Re-run Maven using the -X switch to enable full debug logging.
[ERROR] 
[ERROR] For more information about the errors and possible solutions, please read the following articles:
[ERROR] [Help 1] http://cwiki.apache.org/confluence/display/MAVEN/MojoFailureException
[8mha:////4E1hdEfUg/LoW8IishznjcCztGOYwwhI0wKNZgfsTLcMAAAApR+LCAAAAAAAAP9tjTsOwjAQRDdBFLSUHGIj8alQKlrLDScwiTFOrN1gOzgVJ+Jq3AGLSFRMMZo3zXu9YRk81OwNdpp6S6GxOLjR5IWJfX91nLDjCzZMgZ1GqZPkVp9mlBw1zClKWAhYaWocB0smwlp06qEqp8hU5+jzdxRQ2vYOTyhENkfl4xcmD5vb2Aamn+evAKZhiFDu9rm2hw/KU6NBvgAAAA==[0m[Pipeline] }
[8mha:////4JumOybQCWtwchsuUJLrZRVeOdpdSG2DCHXpYsHv8PNOAAAApR+LCAAAAAAAAP9tjTsOwjAQRDdBFLSUHGIj8alQKlrLDScwiTFOrN1gOzgVJ+Jq3AGLSFRMMZo3zXu9YRk81OwNdpp6S6GxOLjR5IWJfX91nLDjCzZMgZ1GqZPkVp9mlBw1zClKWAhYaWocB0smwlp06qEqp8hU5+jzdxRQ2vYOTyhENkfl4xcmD5vb2Aamn+evAKZhiFDuDrm2+w/5sPj9vgAAAA==[0m[Pipeline] // stage
[8mha:////4H2XWyE07r5Qx6qaP/9fqU3Zv+8JXH4oheYGd/zvGU2kAAAAph+LCAAAAAAAAP9tjTEOwjAQBC9BFLSUPOIihISEUCpayw0vMIkxTqy7YDs4FS/ia/wBi0hUbLHa2WZeb1gGDzV7g52m3lJoLA5uNHlhYt9fHSfs+IINU2CnUeokudWnGSVHDXOKEhYCVpoax8GSibAWnXqoyiky1Tn6/B0FlLa9wxMKkc1R+fiFycPmNraB6ef5K4BpGCKUu32u7eEDKe3wLr4AAAA=[0m[Pipeline] }
Failed in branch checkstyle
[INFO] 
[INFO] --- maven-resources-plugin:2.6:testResources (default-testResources) @ java-jenkins ---
[WARNING] Using platform encoding (UTF-8 actually) to copy filtered resources, i.e. build is platform dependent!
[INFO] skip non existing resourceDirectory /var/jenkins_home/workspace/java-jenkins_master/src/test/resources
[INFO] 
[INFO] --- maven-compiler-plugin:3.1:testCompile (default-testCompile) @ java-jenkins ---
[INFO] Changes detected - recompiling the module!
[WARNING] File encoding has not been set, using platform encoding UTF-8, i.e. build is platform dependent!
[INFO] Compiling 1 source file to /var/jenkins_home/workspace/java-jenkins_master/target/test-classes
[INFO] 
[INFO] --- maven-resources-plugin:2.6:testResources (default-testResources) @ java-jenkins ---
[WARNING] Using platform encoding (UTF-8 actually) to copy filtered resources, i.e. build is platform dependent!
[INFO] skip non existing resourceDirectory /var/jenkins_home/workspace/java-jenkins_master/src/test/resources
[INFO] 
[INFO] --- maven-compiler-plugin:3.1:testCompile (default-testCompile) @ java-jenkins ---
[INFO] Changes detected - recompiling the module!
[WARNING] File encoding has not been set, using platform encoding UTF-8, i.e. build is platform dependent!
[INFO] Compiling 1 source file to /var/jenkins_home/workspace/java-jenkins_master/target/test-classes
[INFO] 
[INFO] --- maven-surefire-plugin:2.12.4:test (default-test) @ java-jenkins ---
[INFO] Surefire report directory: /var/jenkins_home/workspace/java-jenkins_master/target/surefire-reports
[INFO] 
[INFO] --- maven-surefire-plugin:2.12.4:test (default-test) @ java-jenkins ---
[INFO] Surefire report directory: /var/jenkins_home/workspace/java-jenkins_master/target/surefire-reports
[INFO] 
[INFO] <<< maven-pmd-plugin:3.15.0:check (default-cli) < :pmd @ java-jenkins <<<
[INFO] 
[INFO] 
[INFO] --- maven-pmd-plugin:3.15.0:check (default-cli) @ java-jenkins ---
[INFO] PMD version: 6.38.0
[INFO] ------------------------------------------------------------------------
[INFO] BUILD FAILURE
[INFO] ------------------------------------------------------------------------
[INFO] Total time:  4.878 s
[INFO] Finished at: 2022-01-18T21:26:32Z
[INFO] ------------------------------------------------------------------------
[ERROR] Failed to execute goal org.apache.maven.plugins:maven-pmd-plugin:3.15.0:check (default-cli) on project java-jenkins: You have 2 PMD violations. For more details see: /var/jenkins_home/workspace/java-jenkins_master/target/pmd.xml -> [Help 1]
[ERROR] 
[ERROR] To see the full stack trace of the errors, re-run Maven with the -e switch.
[ERROR] Re-run Maven using the -X switch to enable full debug logging.
[ERROR] 
[ERROR] For more information about the errors and possible solutions, please read the following articles:
[ERROR] [Help 1] http://cwiki.apache.org/confluence/display/MAVEN/MojoFailureException

-------------------------------------------------------
 T E S T S
-------------------------------------------------------

-------------------------------------------------------
 T E S T S
-------------------------------------------------------
Running com.tomyoannromain.javajenkins.TestMain
Tests run: 3, Failures: 0, Errors: 0, Skipped: 0, Time elapsed: 0.001 sec

Results :

Tests run: 3, Failures: 0, Errors: 0, Skipped: 0

[INFO] 
[INFO] --- maven-jar-plugin:2.4:jar (default-jar) @ java-jenkins ---
[8mha:////4LKy+G0hRWlsEMaydTPIRK0SBlNJa55CS9G8TRgKYuDpAAAApR+LCAAAAAAAAP9tjTEOwjAQBC9BFLSUPMKRSEGBqNJaaXiBiQ/jxLoztkNS8SK+xh+wiETFFqudbeb1hnUMcOJgRI80WIqdFd6NJi8xcRiujifR80V0TJEdihanljU2C7acEJYUJawkbJA6x9GSSbCVvXqoyiky1TmF/B0llFbf4QmFzOakQvrCHGB3G3Vk+nn+CmD2PkFZH3Lt6w9RhFQuvgAAAA==[0m[Pipeline] }
[8mha:////4NcoUHCRBBYjtHsUuhYzYpj+JPMYbu9uIfO9c1Tciu3dAAAApR+LCAAAAAAAAP9tjTEOwjAQBC9BFLSUPOIihQYJUaW10vACExvjxLoztkNS8SK+xh+wiETFFqudbeb1hnUMcOJgsNc0WIqdRe9GkxdOHIar4wl7vmDHFNlpbPXUstLNgi0nDUuKElYCNpo6x9GSSbAVvXzIykky1TmF/B0FlFbd4QmFyOYkQ/rCHGB3G1Vk+nn+CmD2PkG5P+Sq6w8SBgWovgAAAA==[0m[Pipeline] // stage
[8mha:////4CDSyntCpKNIjvyYCDem7soF4RnW08SjSPGS0OtYNuUjAAAApR+LCAAAAAAAAP9tjTEOwjAQBC9BFLSUPOIiRANCqWgtN7zAJMY4se6C7eBUvIiv8QcsIlGxxWpnm3m9YRk81OwNdpp6S6GxOLjR5IWJfX91nLDjCzZMgZ1GqZPkVp9mlBw1zClKWAhYaWocB0smwlp06qEqp8hU5+jzdxRQ2vYOTyhENkfl4xcmD5vb2Aamn+evAKZhiFDuDrm2+w9qb6GovgAAAA==[0m[Pipeline] }
Failed in branch pmd
Running com.tomyoannromain.javajenkins.TestMain
Tests run: 3, Failures: 0, Errors: 0, Skipped: 0, Time elapsed: 0.002 sec

Results :

Tests run: 3, Failures: 0, Errors: 0, Skipped: 0

[INFO] ------------------------------------------------------------------------
[INFO] BUILD SUCCESS
[INFO] ------------------------------------------------------------------------
[INFO] Total time:  5.002 s
[INFO] Finished at: 2022-01-18T21:26:32Z
[INFO] ------------------------------------------------------------------------
[8mha:////4Eo2sle34KqhvyR4UDDZuFDSTWXsGPa7upI1pnRO7u3GAAAAph+LCAAAAAAAAP9tjTEOwjAQBC9BFLSUPOKCEBIFSkVrueEFJjHGiXUXbAen4kV8jT9gEYmKLVY728zrDcvgoWZvsNPUWwqNxcGNJi9M7Pur44QdX7BhCuw0Sp0kt/o0o+SoYU5RwkLASlPjOFgyEdaiUw9VOUWmOkefv6OA0rZ3eEIhsjkqH78wedjcxjYw/Tx/BTANQ4Ryv821O3wAfk6b8b4AAAA=[0m[Pipeline] }
[8mha:////4Et+wuW4jnrbiWPzWfIsL98v72ygJuCpxVC2IAdR++M1AAAApR+LCAAAAAAAAP9tjTEOwjAQBC9BFLSUPOIiEKJBqWgtN7zAJMY4se6C7eBUvIiv8QcsIlGxxWpnm3m9YRk81OwNdpp6S6GxOLjR5IWJfX91nLDjCzZMgZ1GqZPkVp9mlBw1zClKWAhYaWocB0smwlp06qEqp8hU5+jzdxRQ2vYOTyhENkfl4xcmD5vb2Aamn+evAKZhiFDut7l2hw9NrcBNvgAAAA==[0m[Pipeline] // stage
[8mha:////4JyUl7NQq2kCzBP/defmIOgYcpbOFfvwopsdnHF3hLx/AAAApB+LCAAAAAAAAP9tjTEOwjAQBC9BFLSUPMJBER2iSmul4QUmPowT687YDknFi/gaf8AiEhVbrHa2mdcb1jHAiYMRPdJgKXZWeDeavMTEYbg6nkTPF9ExRXYoWpxa1tgs2HJCWFKUsJKwQeocR0smwVb26qEqp8hU5xTyd5RQWn2HJxQym5MK6QtzgN1t1JHp5/krgNn7BOWhzlXvP9Z6NyK+AAAA[0m[Pipeline] }
[INFO] Building jar: /var/jenkins_home/workspace/java-jenkins_master/target/java-jenkins-1.0-SNAPSHOT.jar
[INFO] 
[INFO] ----------------------< org.example:java-jenkins >----------------------
[INFO] Building java-jenkins 1.0-SNAPSHOT
[INFO] --------------------------------[ jar ]---------------------------------
[INFO] 
[INFO] --- sonar-maven-plugin:3.9.1.2184:sonar (default-cli) @ java-jenkins ---
[INFO] User cache: /var/jenkins_home/.sonar/cache
[ERROR] SonarQube server [http://sonarqube:8084] can not be reached
[INFO] ------------------------------------------------------------------------
[INFO] BUILD FAILURE
[INFO] ------------------------------------------------------------------------
[INFO] Total time:  5.488 s
[INFO] Finished at: 2022-01-18T21:26:33Z
[INFO] ------------------------------------------------------------------------
[ERROR] Failed to execute goal org.sonarsource.scanner.maven:sonar-maven-plugin:3.9.1.2184:sonar (default-cli) on project java-jenkins: Unable to execute SonarScanner analysis: Fail to get bootstrap index from server: Failed to connect to sonarqube/172.23.0.4:8084: Connection refused (Connection refused) -> [Help 1]
[ERROR] 
[ERROR] To see the full stack trace of the errors, re-run Maven with the -e switch.
[ERROR] Re-run Maven using the -X switch to enable full debug logging.
[ERROR] 
[ERROR] For more information about the errors and possible solutions, please read the following articles:
[ERROR] [Help 1] http://cwiki.apache.org/confluence/display/MAVEN/MojoExecutionException
[8mha:////4Euuq6GkCb6PC0jiEW2SkP/1Mch/3wxXcRpkk78ZIH0BAAAApR+LCAAAAAAAAP9tjTEOwjAQBC9BFLSUPOIiAQ1CqWgtN7zAJMY4se6C7eBUvIiv8QcsIlGxxWpnm3m9YRk81OwNdpp6S6GxOLjR5IWJfX91nLDjCzZMgZ1GqZPkVp9mlBw1zClKWAhYaWocB0smwlp06qEqp8hU5+jzdxRQ2vYOTyhENkfl4xcmD5vb2Aamn+evAKZhiFDud7m2hw/XEbeQvgAAAA==[0m[Pipeline] }
[8mha:////4Af6P7Ax1mnyR5RYYExC6EkXlvKqtIEvYNrMKOAI4Y8mAAAAph+LCAAAAAAAAP9tjTEOwjAQBC9BFLSUPMKRUAokRJXWSsMLTHwYJ9adsR2SihfxNf6ARSQqtljtbDOvN6xjgBMHI3qkwVLsrPBuNHmJicNwdTyJni+iY4rsULQ4tayxWbDlhLCkKGElYYPUOY6WTIKt7NVDVU6Rqc4p5O8oobT6Dk8oZDYnFdIX5gC726gj08/zVwCz9wnKus61P3wA+RG1+r4AAAA=[0m[Pipeline] // stage
[8mha:////4DVUVU9dR7kKXOZLZOp0Vca5qVx6UMGVlzSn+eleRjEqAAAApR+LCAAAAAAAAP9tjTEOwjAQBC9BFLSUPOIiEFQoFa3lhheYxBgn1l2wHZyKF/E1/oBFJCq2WO1sM683LIOHmr3BTlNvKTQWBzeavDCx76+OE3Z8wYYpsNModZLc6tOMkqOGOUUJCwErTY3jYMlEWItOPVTlFJnqHH3+jgJK297hCYXI5qh8/MLkYXMb28D08/wVwDQMEcr9Iddu+wH4ejVIvgAAAA==[0m[Pipeline] }
Failed in branch sonar
[8mha:////4PdBFYmhDCI/4C4tTalOKTzLq2aopc36Bm56Z3TIA40iAAAApR+LCAAAAAAAAP9tjTEOwjAQBC9BFLSUPMIRUkSDqNJaaXiBiQ/jxLoztkNS8SK+xh+wiETFFqudbeb1hnUMcOJgRI80WIqdFd6NJi8xcRiujifR80V0TJEdihanljU2C7acEJYUJawkbJA6x9GSSbCVvXqoyiky1TmF/B0llFbf4QmFzOakQvrCHGB3G3Vk+nn+CmD2PkFZH3Lt6w8ar+aVvgAAAA==[0m[Pipeline] // parallel
[8mha:////4OdSNzrS3QTEL6auLifIo/obYQVEicZhOAZYu05YtU9LAAAAph+LCAAAAAAAAP9tjTEOwjAQBC9BFLSUPOIiBBIFSkVrueEFJjHGiXUXbAen4kV8jT9gEYmKLVY728zrDcvgoWZvsNPUWwqNxcGNJi9M7Pur44QdX7BhCuw0Sp0kt/o0o+SoYU5RwkLASlPjOFgyEdaiUw9VOUWmOkefv6OA0rZ3eEIhsjkqH78wedjcxjYw/Tx/BTANQ4Ryf8i13X0AHOnewL4AAAA=[0m[Pipeline] }
[8mha:////4DW9c2ESwLeC9pqJWu2qp6FAc4QPcj++h0iriiX7tARvAAAAph+LCAAAAAAAAP9tjTEOwjAQBC9BFLSUPOIiEAUSSkVrueEFJjHGiXUXbAen4kV8jT9gEYmKLVY728zrDcvgoWZvsNPUWwqNxcGNJi9M7Pur44QdX7BhCuw0Sp0kt/o0o+SoYU5RwkLASlPjOFgyEdaiUw9VOUWmOkefv6OA0rZ3eEIhsjkqH78wedjcxjYw/Tx/BTANQ4Ryf8i13X0AX2uPRr4AAAA=[0m[Pipeline] // stage
[8mha:////4LORor2n89FW4u9554d6SnCKDNmraPoC9xlpSTe9jV42AAAAqB+LCAAAAAAAAP9tjTEOwjAUQ3+LOrAycohUlVgQYuoadeEEoQkhafR/SVLSiRNxNe5AoBITHizbkvWeL6iChyN5zazCwWDoDRvdpHNiifxwcZSYpTPrCQM5xTqVOpKqXWpHUcGiooQVh7XC3lEwqCNsuBV3UTuBuj5Fn7cDh9LIGzyg4JkchY/fMnvYXicZCH+cvwCYxwhl02Tb7T/P6g0L01WjwgAAAA==[0m[Pipeline] stage
[8mha:////4EVsL01QiQK+uv2tcjWQjVxzHJ6x/ASavoxjdDl4FngdAAAAqB+LCAAAAAAAAP9tjTEOwjAUQ3+LOrAycoiUAQaEOrFGXThBaEJIGv1fkpR04kRcjTsQqMSEB8u2ZL3nC6rgoSGvmVXYGwydYYMbdU4ske8vjhKzdGYdYSCnWKtSS1Id59pSVDCrKGHBYamwcxQM6ggrbsVd1E6grk/R5+3AoTTyBg8oeCZH4eO3TB7W11EGwh/nLwCmIUK53WfbbT7P6g0iH00AwgAAAA==[0m[Pipeline] { (test)
Stage "test" skipped due to earlier failure(s)
[8mha:////4LhhI4uyaGn/ZNbTN1GIxc5onfu6/WX2Iwqoa9ULS2l8AAAApB+LCAAAAAAAAP9tjTEOwjAQBC9BFLSUPOICBRWiSmu54QUmNsaJdWdsh6TiRXyNPxCIRMUWq51t5vmCZYpw5GixNdQ5So3D4Hs7LRw4dhfPA7Z8xoYpsTcozSBZm3pGydnAnKKEhYCVocZzcmQzrEWr7qryimx1ynH6DgJKp2/wgEJM5qxi/sIYYXPtdWL6ef4KYAwhQ7nffWr7BguVlU2+AAAA[0m[Pipeline] }
[8mha:////4Ez9UZCFZiDJRFwGkXL06nk5MAwNEoxpz/TWLDhFk1K6AAAAph+LCAAAAAAAAP9tjTEOwjAQBC9BFLSUPOIiISgQSkVrueEFJjHGiXUXbAen4kV8jT9gEYmKLVY728zrDcvgoWZvsNPUWwqNxcGNJi9M7Pur44QdX7BhCuw0Sp0kt/o0o+SoYU5RwkLASlPjOFgyEdaiUw9VOUWmOkefv6OA0rZ3eEIhsjkqH78wedjcxjYw/Tx/BTANQ4Ryv821O3wAQG7Gq74AAAA=[0m[Pipeline] // stage
[8mha:////4P9LP3qIPbASxUlhMvc8/pDH6LykCox80qu1L63b6XCWAAAApR+LCAAAAAAAAP9tjTEOwjAQBC9BFLSUPOKiCFEhqrRWGl5gYmOcWHfGdkgqXsTX+AMWkajYYrWzzbzesI4BThwM9poGS7Gz6N1o8sKJw3B1PGHPF+yYIjuNrZ5aVrpZsOWkYUlRwkrARlPnOFoyCbailw9ZOUmmOqeQv6OA0qo7PKEQ2ZxkSF+YA+xuo4pMP89fAczeJygP+1x1/QGSwTYTvgAAAA==[0m[Pipeline] }
[8mha:////4Drd1aCNfJ5glAqKTqnMzC0pQfEPyzJFn654zo2KcSEsAAAApR+LCAAAAAAAAP9tjTEOwjAQBC9BFLSUPOICElQoFa3lhheYxBgn1l2wHZyKF/E1/oBFJCq2WO1sM683LIOHmr3BTlNvKTQWBzeavDCx76+OE3Z8wYYpsNModZLc6tOMkqOGOUUJCwErTY3jYMlEWItOPVTlFJnqHH3+jgJK297hCYXI5qh8/MLkYXMb28D08/wVwDQMEcrDPtdu+wG8wTR5vgAAAA==[0m[Pipeline] // withEnv
[8mha:////4LUWlScRrDSDHCMHWPyD90hpgotaYVO55rk6ib4s7S1cAAAAoh+LCAAAAAAAAP9tjTESgjAQRT84FraWHiI0UjlWthkaTxAhxkBmF5NFqDyRV/MOMjJj5a/+e817vbFOEUeOTrWWOk+p9qoPg5ufGjl218CjavmiaqbEwarKjhU39rRgxWKxLMux0thYqgMnT06w1a15mCIYcsVZ4uwOGrlv7ngi03NZTJQvTBG729Akpl/nbwBT3wvyshRk+w/j5jSBvQAAAA==[0m[Pipeline] }
[8mha:////4JYBk6gf+Ck6q+RFnXKDoX9LFyd58NgexoX+aQfsIY3qAAAAox+LCAAAAAAAAP9tjTEOwjAQBDdBFLSUPMIpEDSIitZKwwtMYowT6y7YF5KKF/E1/kBEJCq22plmXm8sU8SRo1ONpdZTqrzqQu+mpwaO7TXwoBq+qIopcbCqtEPJtT3NWLJYzMtyLDRWlqrAyZMTrHVjHqYIhlxxlji5g0bu6zueyPRUFhPlC2PE5tbXienX+RvA2HWCfLcXZNsPkAnwWL0AAAA=[0m[Pipeline] // node
[8mha:////4FXTrQP75VORshdwMSF0o8LWQ6tKhMHiTyH1ut9U55kcAAAApB+LCAAAAAAAAP9tjTEOwjAQBDdBFLSUPMKRkBAFoqK10vACkxjjxLoL9oWk4kV8jT8QEYmKrXammdcbyxRx5OhUY6n1lCqvutC76amBY3sNPKiGL6piShysKu1Qcm1PM5YsFvOyHAuNlaUqcPLkBGvdmIcpgiFXnCVO7qCR+/qOJzI9lcVE+cIYsbn1dWL6df4GMHadIN/tBdn2A7YQlxK9AAAA[0m[Pipeline] End of Pipeline
ERROR: script returned exit code 1

GitHub has been notified of this commitâ€™s build result

Finished: FAILURE
